INFO: 2023-09-26 07:26:57,717: main() 'Using profile folder /home/judah/.config/variety/'
INFO: 2023-09-26 07:26:57,722: perform_upgrade() 'Last run version was 0.8.10 or earlier, current version is 0.8.10'
ERROR: 2023-09-26 07:26:57,723: perform_upgrade() 'Error during version upgrade. Continuing.'
Traceback (most recent call last):
  File "/usr/lib/python3.11/site-packages/variety/VarietyWindow.py", line 2283, in perform_upgrade
    if Util.compare_versions(last_version, "0.4.13") < 0:
       ^^^^^^^^^^^^^^^^^^^^^^^^^^^^^^^^^^^^^^^^^^^^^
  File "/usr/lib/python3.11/site-packages/variety/Util.py", line 768, in compare_versions
    from pkg_resources import parse_version
ModuleNotFoundError: No module named 'pkg_resources'
INFO: 2023-09-26 07:26:57,727: process_command() 'Received command: ['--profile', '/home/judah/.config/variety/']'
INFO: 2023-09-26 07:26:57,734: start() 'Using data_path /usr/share/variety'
INFO: 2023-09-26 07:26:57,734: load() 'Jumble loading'
INFO: 2023-09-26 07:26:57,735: _walk_modules() 'Jumble loading module in __init__ from /usr/lib/python3.11/site-packages/variety/plugins/builtin/__init__.py'
INFO: 2023-09-26 07:26:57,736: _walk_modules() 'Jumble loading module in GnomeDisplayModesPlugin from /usr/lib/python3.11/site-packages/variety/plugins/builtin/display_modes/GnomeDisplayModesPlugin.py'
INFO: 2023-09-26 07:26:57,738: load() 'Jumble found plugin class: <class 'GnomeDisplayModesPlugin.GnomeDisplayModesPlugin'>: {'name': 'GnomeDisplayModesPlugin', 'description': 'Display modes relying on the underlying desktop environment', 'version': '1.0', 'author': 'Peter Levi'}'
INFO: 2023-09-26 07:26:57,739: _walk_modules() 'Jumble loading module in LegacyDisplayModesPlugin from /usr/lib/python3.11/site-packages/variety/plugins/builtin/display_modes/LegacyDisplayModesPlugin.py'
INFO: 2023-09-26 07:26:57,740: load() 'Jumble found plugin class: <class 'LegacyDisplayModesPlugin.LegacyDisplayModesPlugin'>: {'name': 'LegacyDisplayModesPlugin', 'description': 'Legacy display mode for compatibility with past Variety versions', 'version': '1.0', 'author': 'Peter Levi'}'
INFO: 2023-09-26 07:26:57,741: _walk_modules() 'Jumble loading module in ResizingDisplayModesPlugin from /usr/lib/python3.11/site-packages/variety/plugins/builtin/display_modes/ResizingDisplayModesPlugin.py'
INFO: 2023-09-26 07:26:57,742: load() 'Jumble found plugin class: <class 'ResizingDisplayModesPlugin.ResizingDisplayModesPlugin'>: {'name': 'ResizingDisplayModesPlugin', 'description': 'Display modes that use image resizing within Variety', 'version': '1.0', 'author': 'Peter Levi'}'
INFO: 2023-09-26 07:26:57,743: _walk_modules() 'Jumble loading module in __init__ from /usr/lib/python3.11/site-packages/variety/plugins/builtin/display_modes/__init__.py'
INFO: 2023-09-26 07:26:57,744: _walk_modules() 'Jumble loading module in APODDownloader from /usr/lib/python3.11/site-packages/variety/plugins/builtin/downloaders/APODDownloader.py'
INFO: 2023-09-26 07:26:57,747: load() 'Jumble found plugin class: <class 'APODDownloader.APODDownloader'>: {'name': 'APODDownloader', 'description': 'NASA Astro Pic of the Day', 'author': 'Peter Levi', 'version': '0.1'}'
INFO: 2023-09-26 07:26:57,747: _walk_modules() 'Jumble loading module in ArtStationDownloader from /usr/lib/python3.11/site-packages/variety/plugins/builtin/downloaders/ArtStationDownloader.py'
INFO: 2023-09-26 07:26:57,749: _walk_modules() 'Jumble loading module in ArtStationSource from /usr/lib/python3.11/site-packages/variety/plugins/builtin/downloaders/ArtStationSource.py'
INFO: 2023-09-26 07:26:57,756: load() 'Jumble found plugin class: <class 'ArtStationSource.ArtStationSource'>: {'name': 'ArtStationSource', 'description': 'Configurable source for fetching images from ArtStation', 'author': 'Denis Gordeev', 'version': '0.1'}'
INFO: 2023-09-26 07:26:57,757: _walk_modules() 'Jumble loading module in BingDownloader from /usr/lib/python3.11/site-packages/variety/plugins/builtin/downloaders/BingDownloader.py'
INFO: 2023-09-26 07:26:57,759: load() 'Jumble found plugin class: <class 'BingDownloader.BingDownloader'>: {'name': 'BingDownloader', 'description': 'Bing Photo of the Day', 'author': 'Peter Levi', 'version': '0.1'}'
INFO: 2023-09-26 07:26:57,760: _walk_modules() 'Jumble loading module in EarthviewDownloader from /usr/lib/python3.11/site-packages/variety/plugins/builtin/downloaders/EarthviewDownloader.py'
INFO: 2023-09-26 07:26:57,761: load() 'Jumble found plugin class: <class 'EarthviewDownloader.EarthviewDownloader'>: {'name': 'EarthviewDownloader', 'description': 'Google Earth View Wallpapers', 'author': 'Peter Levi', 'version': '0.1'}'
INFO: 2023-09-26 07:26:57,763: _walk_modules() 'Jumble loading module in MediaRSSDownloader from /usr/lib/python3.11/site-packages/variety/plugins/builtin/downloaders/MediaRSSDownloader.py'
INFO: 2023-09-26 07:26:57,765: _walk_modules() 'Jumble loading module in MediaRSSSource from /usr/lib/python3.11/site-packages/variety/plugins/builtin/downloaders/MediaRSSSource.py'
INFO: 2023-09-26 07:26:57,767: load() 'Jumble found plugin class: <class 'MediaRSSSource.MediaRSSSource'>: {'name': 'MediaRSSSource', 'description': 'Configurable source for fetching images from MediaRSS feeds', 'author': 'Peter Levi', 'version': '0.1'}'
INFO: 2023-09-26 07:26:57,768: _walk_modules() 'Jumble loading module in NationalGeographicDownloader from /usr/lib/python3.11/site-packages/variety/plugins/builtin/downloaders/NationalGeographicDownloader.py'
INFO: 2023-09-26 07:26:57,769: load() 'Jumble found plugin class: <class 'NationalGeographicDownloader.NationalGeographicDownloader'>: {'name': 'NationalGeographicDownloader', 'description': "National Geographic's photo of the day", 'author': 'Eric Rösch', 'version': '0.1'}'
INFO: 2023-09-26 07:26:57,770: _walk_modules() 'Jumble loading module in RedditDownloader from /usr/lib/python3.11/site-packages/variety/plugins/builtin/downloaders/RedditDownloader.py'
INFO: 2023-09-26 07:26:57,772: _walk_modules() 'Jumble loading module in RedditSource from /usr/lib/python3.11/site-packages/variety/plugins/builtin/downloaders/RedditSource.py'
INFO: 2023-09-26 07:26:57,774: load() 'Jumble found plugin class: <class 'RedditSource.RedditSource'>: {'name': 'RedditSource', 'description': 'Configurable source for fetching images from Reddit', 'author': 'Peter Levi', 'version': '0.1'}'
INFO: 2023-09-26 07:26:57,775: _walk_modules() 'Jumble loading module in UnsplashConfigurableSource from /usr/lib/python3.11/site-packages/variety/plugins/builtin/downloaders/UnsplashConfigurableSource.py'
INFO: 2023-09-26 07:26:57,779: load() 'Jumble found plugin class: <class 'UnsplashConfigurableSource.UnsplashConfigurableSource'>: {'name': 'UnsplashConfigurableSource', 'description': 'Configurable source for fetching photos from Unsplash.com', 'author': 'Peter Levi', 'version': '0.1'}'
INFO: 2023-09-26 07:26:57,780: _walk_modules() 'Jumble loading module in UnsplashDownloader from /usr/lib/python3.11/site-packages/variety/plugins/builtin/downloaders/UnsplashDownloader.py'
INFO: 2023-09-26 07:26:57,781: load() 'Jumble found plugin class: <class 'UnsplashDownloader.UnsplashDownloader'>: {'name': 'UnsplashDownloader', 'description': 'High-resolution photos from Unsplash.com', 'author': 'Peter Levi', 'version': '0.1'}'
INFO: 2023-09-26 07:26:57,783: _walk_modules() 'Jumble loading module in WallhavenDownloader from /usr/lib/python3.11/site-packages/variety/plugins/builtin/downloaders/WallhavenDownloader.py'
INFO: 2023-09-26 07:26:57,787: _walk_modules() 'Jumble loading module in WallhavenLegacyDownloader from /usr/lib/python3.11/site-packages/variety/plugins/builtin/downloaders/WallhavenLegacyDownloader.py'
INFO: 2023-09-26 07:26:57,789: _walk_modules() 'Jumble loading module in WallhavenSource from /usr/lib/python3.11/site-packages/variety/plugins/builtin/downloaders/WallhavenSource.py'
INFO: 2023-09-26 07:26:57,792: load() 'Jumble found plugin class: <class 'WallhavenSource.WallhavenSource'>: {'name': 'WallhavenSource', 'description': 'Configurable source for fetching images from Wallhaven.cc', 'author': 'Peter Levi', 'version': '0.1'}'
INFO: 2023-09-26 07:26:57,793: _walk_modules() 'Jumble loading module in __init__ from /usr/lib/python3.11/site-packages/variety/plugins/builtin/downloaders/__init__.py'
INFO: 2023-09-26 07:26:57,794: _walk_modules() 'Jumble loading module in FortuneSource from /usr/lib/python3.11/site-packages/variety/plugins/builtin/quotes/FortuneSource.py'
INFO: 2023-09-26 07:26:57,797: load() 'Jumble found plugin class: <class 'FortuneSource.FortuneSource'>: {'name': 'UNIX fortune program', 'description': 'Displays quotes using the UNIX fortune program. You may want to install additional fortune packs, e.g. fortunes-bofh-excuses.', 'author': 'Dan Jones', 'version': '0.1'}'
INFO: 2023-09-26 07:26:57,798: _walk_modules() 'Jumble loading module in GoodreadsSource from /usr/lib/python3.11/site-packages/variety/plugins/builtin/quotes/GoodreadsSource.py'
INFO: 2023-09-26 07:26:57,914: load() 'Jumble found plugin class: <class 'GoodreadsSource.GoodreadsSource'>: {'name': 'Goodreads', 'description': 'Fetches quotes from Goodreads.com', 'author': 'Peter Levi', 'version': '0.1'}'
INFO: 2023-09-26 07:26:57,915: _walk_modules() 'Jumble loading module in LocalFilesSource from /usr/lib/python3.11/site-packages/variety/plugins/builtin/quotes/LocalFilesSource.py'
INFO: 2023-09-26 07:26:57,917: load() 'Jumble found plugin class: <class 'LocalFilesSource.LocalFilesSource'>: {'name': 'Local text files', 'description': 'Displays quotes, defined in local text files.\nPut your own txt files in: /home/judah/.config/variety/pluginconfig/quotes/.\nThe file format is:\n\nquote -- author\n.\nsecond quote -- another author\n.\netc...\n\nExample: http://rvelthuis.de/zips/quotes.txt', 'author': 'Peter Levi', 'version': '0.1'}'
INFO: 2023-09-26 07:26:57,918: _walk_modules() 'Jumble loading module in QuotationsPageSource from /usr/lib/python3.11/site-packages/variety/plugins/builtin/quotes/QuotationsPageSource.py'
INFO: 2023-09-26 07:26:57,919: load() 'Jumble found plugin class: <class 'QuotationsPageSource.QuotationsPageSource'>: {'name': 'TheQuotationsPage.com', 'description': 'Fetches quotes from TheQuotationsPage.com', 'author': 'Peter Levi', 'version': '0.1'}'
INFO: 2023-09-26 07:26:57,920: _walk_modules() 'Jumble loading module in UrbanDictionarySource from /usr/lib/python3.11/site-packages/variety/plugins/builtin/quotes/UrbanDictionarySource.py'
INFO: 2023-09-26 07:26:57,921: load() 'Jumble found plugin class: <class 'UrbanDictionarySource.UrbanDictionarySource'>: {'name': 'Urban Dictionary', 'description': 'Displays definitions from Urban Dictionary', 'author': 'James Miller', 'version': '0.1'}'
INFO: 2023-09-26 07:26:57,922: _walk_modules() 'Jumble loading module in __init__ from /usr/lib/python3.11/site-packages/variety/plugins/builtin/quotes/__init__.py'
INFO: 2023-09-26 07:26:57,953: log_options() 'Loaded options:'
INFO: 2023-09-26 07:26:57,954: log_options() 'change_enabled = True'
INFO: 2023-09-26 07:26:57,954: log_options() 'change_interval = 60'
INFO: 2023-09-26 07:26:57,954: log_options() 'change_on_start = False'
INFO: 2023-09-26 07:26:57,954: log_options() 'clipboard_enabled = False'
INFO: 2023-09-26 07:26:57,954: log_options() 'clipboard_hosts = ['wallhaven.cc', 'wallpapers.net', 'flickr.com', 'imgur.com', 'deviantart.com', 'interfacelift.com', 'vladstudio.com', 'imageshack.us', 'deviantart.net', 'imageshack.com']'
INFO: 2023-09-26 07:26:57,954: log_options() 'clipboard_use_whitelist = True'
INFO: 2023-09-26 07:26:57,955: log_options() 'clock_date_font = Serif 30'
INFO: 2023-09-26 07:26:57,955: log_options() 'clock_enabled = False'
INFO: 2023-09-26 07:26:57,955: log_options() 'clock_filter = -density 100 -font `fc-match -f '%{file[0]}' '%CLOCK_FONT_NAME'` -pointsize %CLOCK_FONT_SIZE -gravity SouthEast -fill '#00000044' -annotate 0x0+[%HOFFSET+58]+[%VOFFSET+108] '%H:%M' -fill white -annotate 0x0+[%HOFFSET+60]+[%VOFFSET+110] '%H:%M' -font `fc-match -f '%{file[0]}' '%DATE_FONT_NAME'` -pointsize %DATE_FONT_SIZE -fill '#00000044' -annotate 0x0+[%HOFFSET+58]+[%VOFFSET+58] '%A, %B %d' -fill white -annotate 0x0+[%HOFFSET+60]+[%VOFFSET+60] '%A, %B %d''
INFO: 2023-09-26 07:26:57,955: log_options() 'clock_font = Serif 70'
INFO: 2023-09-26 07:26:57,955: log_options() 'configfile = /home/judah/.config/variety/variety.conf'
INFO: 2023-09-26 07:26:57,955: log_options() 'copyto_enabled = False'
INFO: 2023-09-26 07:26:57,955: log_options() 'copyto_folder = Default'
INFO: 2023-09-26 07:26:57,955: log_options() 'desired_color = [160, 160, 160]'
INFO: 2023-09-26 07:26:57,955: log_options() 'desired_color_enabled = False'
INFO: 2023-09-26 07:26:57,955: log_options() 'download_folder = /home/judah/.config/variety/Downloaded'
INFO: 2023-09-26 07:26:57,955: log_options() 'download_preference_ratio = 0.9'
INFO: 2023-09-26 07:26:57,956: log_options() 'favorites_folder = /home/judah/.config/variety/wallpaper'
INFO: 2023-09-26 07:26:57,956: log_options() 'favorites_operations = [['Downloaded', 'Copy'], ['Fetched', 'Move'], ['Others', 'Copy']]'
INFO: 2023-09-26 07:26:57,956: log_options() 'fetched_folder = /home/judah/.config/variety/Fetched'
INFO: 2023-09-26 07:26:57,956: log_options() 'filters = [[False, 'Keep original', ''], [False, 'Grayscale', '-type Grayscale'], [False, 'Heavy blur', '-scale 20% -blur 0x10 -resize 500%'], [False, 'Soft blur', '-scale 20% -blur 0x2 -resize 500%'], [False, 'Oil painting', '-paint 8'], [False, 'Pointilism', '-spread 10 -noise 3'], [False, 'Pixellate', '-scale 3% -scale 3333%']]'
INFO: 2023-09-26 07:26:57,956: log_options() 'get_wallpaper_script = /home/judah/.config/variety/scripts/get_wallpaper'
INFO: 2023-09-26 07:26:57,956: log_options() 'icon = Light'
INFO: 2023-09-26 07:26:57,956: log_options() 'internet_enabled = True'
INFO: 2023-09-26 07:26:57,956: log_options() 'lightness_enabled = False'
INFO: 2023-09-26 07:26:57,956: log_options() 'lightness_mode = 0'
INFO: 2023-09-26 07:26:57,956: log_options() 'min_rating = 4'
INFO: 2023-09-26 07:26:57,956: log_options() 'min_rating_enabled = False'
INFO: 2023-09-26 07:26:57,956: log_options() 'min_size = 80'
INFO: 2023-09-26 07:26:57,957: log_options() 'min_size_enabled = False'
INFO: 2023-09-26 07:26:57,957: log_options() 'quota_enabled = True'
INFO: 2023-09-26 07:26:57,957: log_options() 'quota_size = 1000'
INFO: 2023-09-26 07:26:57,957: log_options() 'quotes_authors = '
INFO: 2023-09-26 07:26:57,957: log_options() 'quotes_bg_color = [80, 80, 80]'
INFO: 2023-09-26 07:26:57,957: log_options() 'quotes_bg_opacity = 55'
INFO: 2023-09-26 07:26:57,957: log_options() 'quotes_change_enabled = False'
INFO: 2023-09-26 07:26:57,957: log_options() 'quotes_change_interval = 300'
INFO: 2023-09-26 07:26:57,957: log_options() 'quotes_disabled_sources = ['Urban Dictionary']'
INFO: 2023-09-26 07:26:57,957: log_options() 'quotes_enabled = False'
INFO: 2023-09-26 07:26:57,957: log_options() 'quotes_favorites_file = /home/judah/.config/variety/favorite_quotes.txt'
INFO: 2023-09-26 07:26:57,957: log_options() 'quotes_font = Serif 30'
INFO: 2023-09-26 07:26:57,958: log_options() 'quotes_hpos = 100'
INFO: 2023-09-26 07:26:57,958: log_options() 'quotes_max_length = 250'
INFO: 2023-09-26 07:26:57,958: log_options() 'quotes_tags = '
INFO: 2023-09-26 07:26:57,958: log_options() 'quotes_text_color = [255, 255, 255]'
INFO: 2023-09-26 07:26:57,958: log_options() 'quotes_text_shadow = False'
INFO: 2023-09-26 07:26:57,958: log_options() 'quotes_vpos = 40'
INFO: 2023-09-26 07:26:57,958: log_options() 'quotes_width = 70'
INFO: 2023-09-26 07:26:57,958: log_options() 'safe_mode = False'
INFO: 2023-09-26 07:26:57,958: log_options() 'set_wallpaper_script = /home/judah/.config/variety/scripts/set_wallpaper'
INFO: 2023-09-26 07:26:57,958: log_options() 'slideshow_custom_enabled = False'
INFO: 2023-09-26 07:26:57,958: log_options() 'slideshow_custom_folder = /home/judah/Pictures'
INFO: 2023-09-26 07:26:57,958: log_options() 'slideshow_downloads_enabled = False'
INFO: 2023-09-26 07:26:57,958: log_options() 'slideshow_fade = 0.4'
INFO: 2023-09-26 07:26:57,959: log_options() 'slideshow_favorites_enabled = True'
INFO: 2023-09-26 07:26:57,959: log_options() 'slideshow_mode = Fullscreen'
INFO: 2023-09-26 07:26:57,959: log_options() 'slideshow_monitor = All'
INFO: 2023-09-26 07:26:57,959: log_options() 'slideshow_pan = 0.05'
INFO: 2023-09-26 07:26:57,959: log_options() 'slideshow_seconds = 6.0'
INFO: 2023-09-26 07:26:57,959: log_options() 'slideshow_sort_order = Random'
INFO: 2023-09-26 07:26:57,959: log_options() 'slideshow_sources_enabled = True'
INFO: 2023-09-26 07:26:57,959: log_options() 'slideshow_zoom = 0.2'
INFO: 2023-09-26 07:26:57,959: log_options() 'smart_enabled = False'
INFO: 2023-09-26 07:26:57,959: log_options() 'smart_notice_shown = False'
INFO: 2023-09-26 07:26:57,959: log_options() 'smart_register_shown = False'
INFO: 2023-09-26 07:26:57,959: log_options() 'sources = [[False, 'favorites', 'The Favorites folder'], [False, 'fetched', 'The Fetched folder'], [False, 'folder', '/usr/share/backgrounds'], [False, 'flickr', 'user:www.flickr.com/photos/peter-levi/;user_id:93647178@N00;'], [False, 'apod', "NASA's Astronomy Picture of the Day"], [False, 'bing', 'Bing Photo of the Day'], [False, 'earthview', 'Google Earth View Wallpapers'], [False, 'natgeo', "National Geographic's photo of the day"], [False, 'unsplash', 'High-resolution photos from Unsplash.com'], [True, 'folder', '/home/judah/.config/variety/wallpaper']]'
INFO: 2023-09-26 07:26:57,960: log_options() 'stats_enabled = True'
INFO: 2023-09-26 07:26:57,960: log_options() 'stats_notice_shown = False'
INFO: 2023-09-26 07:26:57,960: log_options() 'sync_enabled = True'
INFO: 2023-09-26 07:26:57,960: log_options() 'use_landscape_enabled = True'
INFO: 2023-09-26 07:26:57,960: log_options() 'wallhaven_api_key = '
INFO: 2023-09-26 07:26:57,960: log_options() 'wallpaper_auto_rotate = False'
INFO: 2023-09-26 07:26:57,960: log_options() 'wallpaper_display_mode = os'
INFO: 2023-09-26 07:26:57,960: reload_config() 'No need to clear prepared queue'
INFO: 2023-09-26 07:26:57,960: update_indicator() 'Setting file info to: /home/judah/.config/variety/wallpaper/wallpapers/japan_garden.jpg
/home/judah/.config/variety/wallpaper/wallpapers/japan_garden.jpg'
INFO: 2023-09-26 07:26:57,962: load_banned() 'Missing or invalid banned URLs list, no URLs will be banned'
INFO: 2023-09-26 07:26:57,962: load_last_change_time() 'Change interval < 6 hours, ignore persisted last_change_time, wait initially the whole interval: 60'
INFO: 2023-09-26 07:26:57,962: update_indicator() 'Setting file info to: /home/judah/.config/variety/wallpaper/wallpapers/japan_garden.jpg
/home/judah/.config/variety/wallpaper/wallpapers/japan_garden.jpg'
INFO: 2023-09-26 07:26:57,963: regular_change_thread() 'regular_change thread running'
INFO: 2023-09-26 07:26:57,964: prepare_thread() 'Prepare thread running'
INFO: 2023-09-26 07:26:57,964: prepare_thread() 'Prepared buffer contains 0 images'
INFO: 2023-09-26 07:26:57,964: prepare_thread() 'Preparing some images'
INFO: 2023-09-26 07:26:57,969: update_indicator_icon() 'Creating indicator'
INFO: 2023-09-26 07:26:57,984: prepare_thread() 'After search prepared buffer contains 9 images'
WARNING: 2023-09-26 07:26:57,997: create_menu() 'Variety Slideshow is not installed. This is an optional extension adding pan-and-zoom slideshows to Variety: see https://github.com/peterlevi/variety-slideshow for details'
INFO: 2023-09-26 07:26:58,001: create_indicator() 'indicator backend: AyatanaAppIndicator3'
INFO: 2023-09-26 07:26:58,061: set_from_theme_icon() 'Showing indicator icon variety-indicator from GTK theme'
INFO: 2023-09-26 07:26:58,062: do_set_wp() 'Calling do_set_wp with /home/judah/.config/variety/wallpaper/wallpapers/japan_garden.jpg
/home/judah/.config/variety/wallpaper/wallpapers/japan_garden.jpg, time: 1695738418.0628784'
INFO: 2023-09-26 07:26:58,063: do_set_wp() 'Missing file or bad permissions, will not use it: /home/judah/.config/variety/wallpaper/wallpapers/japan_garden.jpg
/home/judah/.config/variety/wallpaper/wallpapers/japan_garden.jpg'
INFO: 2023-09-26 07:26:59,986: trigger_download() 'Triggering download thread to check if download needed and possible'
INFO: 2023-09-26 07:27:00,197: reload() 'Reloading preferences dialog'
INFO: 2023-09-26 07:27:17,967: server_options_thread() 'Fetching server options from http://tiny.cc/variety-options-063'
INFO: 2023-09-26 07:27:19,091: server_options_thread() 'Fetched server options: {'flickr': {'min_fill_queue_interval': 1200, 'min_download_interval': 1200}, 'wallbase': {'min_fill_queue_interval': 1800, 'min_download_interval': 1800}, 'wallhaven': {'min_fill_queue_interval': 1800, 'min_download_interval': 1800}, 'wallpapers.net': {'min_fill_queue_interval': 601, 'min_download_interval': 0}, 'unsplash': {'min_fill_queue_interval': 20000000000, 'min_download_interval': 20000000000}, 'unsplash_v2': {'min_fill_queue_interval': 3600, 'min_download_interval': 1800}, 'status_message': {'0.0.1': '', '*': ''}}'
INFO: 2023-09-26 07:27:57,962: regular_change_thread() 'regular_change changes wallpaper'
INFO: 2023-09-26 07:27:57,962: set_wallpaper() 'Calling set_wallpaper with /home/judah/.config/variety/wallpaper/wallpapers/new_capenna.jpg'
INFO: 2023-09-26 07:27:57,963: prepare_thread() 'Prepared buffer contains 8 images'
INFO: 2023-09-26 07:27:57,964: do_set_wp() 'Calling do_set_wp with /home/judah/.config/variety/wallpaper/wallpapers/new_capenna.jpg, time: 1695738477.9642842'
INFO: 2023-09-26 07:27:58,007: update_indicator() 'Setting file info to: /home/judah/.config/variety/wallpaper/wallpapers/new_capenna.jpg'
INFO: 2023-09-26 07:27:58,010: list_files() 'More than 1 files in the folders, stop listing'
INFO: 2023-09-26 07:27:59,963: trigger_download() 'Triggering download thread to check if download needed and possible'
INFO: 2023-09-26 07:28:58,123: regular_change_thread() 'regular_change changes wallpaper'
INFO: 2023-09-26 07:28:58,123: set_wallpaper() 'Calling set_wallpaper with /home/judah/.config/variety/wallpaper/scifi_city.png'
INFO: 2023-09-26 07:28:58,124: prepare_thread() 'Prepared buffer contains 7 images'
INFO: 2023-09-26 07:28:58,124: do_set_wp() 'Calling do_set_wp with /home/judah/.config/variety/wallpaper/scifi_city.png, time: 1695738538.1249762'
INFO: 2023-09-26 07:28:58,157: update_indicator() 'Setting file info to: /home/judah/.config/variety/wallpaper/scifi_city.png'
INFO: 2023-09-26 07:28:58,166: list_files() 'More than 1 files in the folders, stop listing'
INFO: 2023-09-26 07:29:00,126: trigger_download() 'Triggering download thread to check if download needed and possible'
INFO: 2023-09-26 07:29:58,223: regular_change_thread() 'regular_change changes wallpaper'
INFO: 2023-09-26 07:29:58,223: set_wallpaper() 'Calling set_wallpaper with /home/judah/.config/variety/wallpaper/wallpapers/space_whales.jpg'
INFO: 2023-09-26 07:29:58,223: prepare_thread() 'Prepared buffer contains 6 images'
INFO: 2023-09-26 07:29:58,224: do_set_wp() 'Calling do_set_wp with /home/judah/.config/variety/wallpaper/wallpapers/space_whales.jpg, time: 1695738598.2249033'
INFO: 2023-09-26 07:29:58,248: update_indicator() 'Setting file info to: /home/judah/.config/variety/wallpaper/wallpapers/space_whales.jpg'
INFO: 2023-09-26 07:29:58,250: list_files() 'More than 1 files in the folders, stop listing'
INFO: 2023-09-26 07:30:00,224: trigger_download() 'Triggering download thread to check if download needed and possible'
INFO: 2023-09-26 07:30:58,364: regular_change_thread() 'regular_change changes wallpaper'
INFO: 2023-09-26 07:30:58,364: set_wallpaper() 'Calling set_wallpaper with /home/judah/.config/variety/wallpaper/wallpapers/japan_garden.jpg'
INFO: 2023-09-26 07:30:58,365: prepare_thread() 'Prepared buffer contains 5 images'
INFO: 2023-09-26 07:30:58,365: do_set_wp() 'Calling do_set_wp with /home/judah/.config/variety/wallpaper/wallpapers/japan_garden.jpg, time: 1695738658.365457'
INFO: 2023-09-26 07:30:58,388: update_indicator() 'Setting file info to: /home/judah/.config/variety/wallpaper/wallpapers/japan_garden.jpg'
INFO: 2023-09-26 07:30:58,390: list_files() 'More than 1 files in the folders, stop listing'
INFO: 2023-09-26 07:31:00,366: trigger_download() 'Triggering download thread to check if download needed and possible'
INFO: 2023-09-26 07:31:58,454: regular_change_thread() 'regular_change changes wallpaper'
INFO: 2023-09-26 07:31:58,455: set_wallpaper() 'Calling set_wallpaper with /home/judah/.config/variety/wallpaper/wallpapers/towashi.jpg'
INFO: 2023-09-26 07:31:58,455: prepare_thread() 'Prepared buffer contains 4 images'
INFO: 2023-09-26 07:31:58,456: do_set_wp() 'Calling do_set_wp with /home/judah/.config/variety/wallpaper/wallpapers/towashi.jpg, time: 1695738718.4559922'
INFO: 2023-09-26 07:31:58,456: prepare_thread() 'Preparing some images'
INFO: 2023-09-26 07:31:58,466: prepare_thread() 'After search prepared buffer contains 9 images'
INFO: 2023-09-26 07:31:58,487: update_indicator() 'Setting file info to: /home/judah/.config/variety/wallpaper/wallpapers/towashi.jpg'
INFO: 2023-09-26 07:31:58,492: list_files() 'More than 1 files in the folders, stop listing'
INFO: 2023-09-26 07:32:00,467: trigger_download() 'Triggering download thread to check if download needed and possible'
INFO: 2023-09-26 07:32:58,608: regular_change_thread() 'regular_change changes wallpaper'
INFO: 2023-09-26 07:32:58,608: set_wallpaper() 'Calling set_wallpaper with /home/judah/.config/variety/wallpaper/wallpapers/plantera.jpg'
INFO: 2023-09-26 07:32:58,609: prepare_thread() 'Prepared buffer contains 8 images'
INFO: 2023-09-26 07:32:58,609: do_set_wp() 'Calling do_set_wp with /home/judah/.config/variety/wallpaper/wallpapers/plantera.jpg, time: 1695738778.6097262'
INFO: 2023-09-26 07:32:58,633: update_indicator() 'Setting file info to: /home/judah/.config/variety/wallpaper/wallpapers/plantera.jpg'
INFO: 2023-09-26 07:32:58,635: list_files() 'More than 1 files in the folders, stop listing'
INFO: 2023-09-26 07:33:00,610: trigger_download() 'Triggering download thread to check if download needed and possible'
INFO: 2023-09-26 07:33:58,748: regular_change_thread() 'regular_change changes wallpaper'
INFO: 2023-09-26 07:33:58,748: set_wallpaper() 'Calling set_wallpaper with /home/judah/.config/variety/wallpaper/wallpapers/daze.jpg'
INFO: 2023-09-26 07:33:58,748: prepare_thread() 'Prepared buffer contains 7 images'
INFO: 2023-09-26 07:33:58,750: do_set_wp() 'Calling do_set_wp with /home/judah/.config/variety/wallpaper/wallpapers/daze.jpg, time: 1695738838.750123'
INFO: 2023-09-26 07:33:58,773: update_indicator() 'Setting file info to: /home/judah/.config/variety/wallpaper/wallpapers/daze.jpg'
INFO: 2023-09-26 07:33:58,775: list_files() 'More than 1 files in the folders, stop listing'
INFO: 2023-09-26 07:34:00,750: trigger_download() 'Triggering download thread to check if download needed and possible'
INFO: 2023-09-26 07:34:58,889: regular_change_thread() 'regular_change changes wallpaper'
INFO: 2023-09-26 07:34:58,889: set_wallpaper() 'Calling set_wallpaper with /home/judah/.config/variety/wallpaper/wallpapers/new_capenna.jpg'
INFO: 2023-09-26 07:34:58,889: prepare_thread() 'Prepared buffer contains 6 images'
INFO: 2023-09-26 07:34:58,891: do_set_wp() 'Calling do_set_wp with /home/judah/.config/variety/wallpaper/wallpapers/new_capenna.jpg, time: 1695738898.891099'
INFO: 2023-09-26 07:34:58,915: update_indicator() 'Setting file info to: /home/judah/.config/variety/wallpaper/wallpapers/new_capenna.jpg'
INFO: 2023-09-26 07:34:58,917: list_files() 'More than 1 files in the folders, stop listing'
INFO: 2023-09-26 07:35:00,891: trigger_download() 'Triggering download thread to check if download needed and possible'
INFO: 2023-09-26 07:35:58,981: regular_change_thread() 'regular_change changes wallpaper'
INFO: 2023-09-26 07:35:58,981: set_wallpaper() 'Calling set_wallpaper with /home/judah/.config/variety/wallpaper/wallpapers/invasion_of_vryn.jpg'
INFO: 2023-09-26 07:35:58,981: prepare_thread() 'Prepared buffer contains 5 images'
INFO: 2023-09-26 07:35:58,983: do_set_wp() 'Calling do_set_wp with /home/judah/.config/variety/wallpaper/wallpapers/invasion_of_vryn.jpg, time: 1695738958.9829838'
INFO: 2023-09-26 07:35:59,007: update_indicator() 'Setting file info to: /home/judah/.config/variety/wallpaper/wallpapers/invasion_of_vryn.jpg'
INFO: 2023-09-26 07:35:59,008: list_files() 'More than 1 files in the folders, stop listing'
INFO: 2023-09-26 07:36:00,983: trigger_download() 'Triggering download thread to check if download needed and possible'
INFO: 2023-09-26 07:36:59,121: regular_change_thread() 'regular_change changes wallpaper'
INFO: 2023-09-26 07:36:59,122: set_wallpaper() 'Calling set_wallpaper with /home/judah/.config/variety/wallpaper/wallpapers/towashi.jpg'
INFO: 2023-09-26 07:36:59,122: prepare_thread() 'Prepared buffer contains 4 images'
INFO: 2023-09-26 07:36:59,123: prepare_thread() 'Preparing some images'
INFO: 2023-09-26 07:36:59,123: do_set_wp() 'Calling do_set_wp with /home/judah/.config/variety/wallpaper/wallpapers/towashi.jpg, time: 1695739019.1238618'
INFO: 2023-09-26 07:36:59,130: prepare_thread() 'After search prepared buffer contains 9 images'
INFO: 2023-09-26 07:36:59,149: update_indicator() 'Setting file info to: /home/judah/.config/variety/wallpaper/wallpapers/towashi.jpg'
INFO: 2023-09-26 07:36:59,153: list_files() 'More than 1 files in the folders, stop listing'
INFO: 2023-09-26 07:37:01,131: trigger_download() 'Triggering download thread to check if download needed and possible'
INFO: 2023-09-26 07:37:59,266: regular_change_thread() 'regular_change changes wallpaper'
INFO: 2023-09-26 07:37:59,266: set_wallpaper() 'Calling set_wallpaper with /home/judah/.config/variety/wallpaper/scifi_city.png'
INFO: 2023-09-26 07:37:59,268: do_set_wp() 'Calling do_set_wp with /home/judah/.config/variety/wallpaper/scifi_city.png, time: 1695739079.268575'
INFO: 2023-09-26 07:37:59,269: prepare_thread() 'Prepared buffer contains 8 images'
INFO: 2023-09-26 07:37:59,323: update_indicator() 'Setting file info to: /home/judah/.config/variety/wallpaper/scifi_city.png'
INFO: 2023-09-26 07:37:59,341: list_files() 'More than 1 files in the folders, stop listing'
INFO: 2023-09-26 07:38:01,273: trigger_download() 'Triggering download thread to check if download needed and possible'
INFO: 2023-09-26 07:38:59,492: regular_change_thread() 'regular_change changes wallpaper'
INFO: 2023-09-26 07:38:59,493: set_wallpaper() 'Calling set_wallpaper with /home/judah/.config/variety/wallpaper/wallpapers/towashi.jpg'
INFO: 2023-09-26 07:38:59,493: prepare_thread() 'Prepared buffer contains 7 images'
INFO: 2023-09-26 07:38:59,494: do_set_wp() 'Calling do_set_wp with /home/judah/.config/variety/wallpaper/wallpapers/towashi.jpg, time: 1695739139.4947627'
INFO: 2023-09-26 07:38:59,519: update_indicator() 'Setting file info to: /home/judah/.config/variety/wallpaper/wallpapers/towashi.jpg'
INFO: 2023-09-26 07:38:59,522: list_files() 'More than 1 files in the folders, stop listing'
INFO: 2023-09-26 07:39:01,495: trigger_download() 'Triggering download thread to check if download needed and possible'
INFO: 2023-09-26 07:54:24,241: regular_change_thread() 'regular_change changes wallpaper'
INFO: 2023-09-26 07:54:24,241: set_wallpaper() 'Calling set_wallpaper with /home/judah/.config/variety/wallpaper/wallpapers/plantera.jpg'
INFO: 2023-09-26 07:54:24,242: do_set_wp() 'Calling do_set_wp with /home/judah/.config/variety/wallpaper/wallpapers/plantera.jpg, time: 1695740064.2422523'
INFO: 2023-09-26 07:54:24,242: prepare_thread() 'Prepared buffer contains 6 images'
INFO: 2023-09-26 07:54:24,271: update_indicator() 'Setting file info to: /home/judah/.config/variety/wallpaper/wallpapers/plantera.jpg'
INFO: 2023-09-26 07:54:24,274: list_files() 'More than 1 files in the folders, stop listing'
INFO: 2023-09-26 07:54:26,244: trigger_download() 'Triggering download thread to check if download needed and possible'
INFO: 2023-09-26 07:55:24,388: regular_change_thread() 'regular_change changes wallpaper'
INFO: 2023-09-26 07:55:24,388: set_wallpaper() 'Calling set_wallpaper with /home/judah/.config/variety/wallpaper/wallpapers/space_whales.jpg'
INFO: 2023-09-26 07:55:24,388: do_set_wp() 'Calling do_set_wp with /home/judah/.config/variety/wallpaper/wallpapers/space_whales.jpg, time: 1695740124.388913'
INFO: 2023-09-26 07:55:24,389: prepare_thread() 'Prepared buffer contains 5 images'
INFO: 2023-09-26 07:55:24,412: update_indicator() 'Setting file info to: /home/judah/.config/variety/wallpaper/wallpapers/space_whales.jpg'
INFO: 2023-09-26 07:55:24,415: list_files() 'More than 1 files in the folders, stop listing'
INFO: 2023-09-26 07:55:26,390: trigger_download() 'Triggering download thread to check if download needed and possible'
INFO: 2023-09-26 07:56:24,479: regular_change_thread() 'regular_change changes wallpaper'
INFO: 2023-09-26 07:56:24,479: set_wallpaper() 'Calling set_wallpaper with /home/judah/.config/variety/wallpaper/wallpapers/fantasy_space.jpg'
INFO: 2023-09-26 07:56:24,480: prepare_thread() 'Prepared buffer contains 4 images'
INFO: 2023-09-26 07:56:24,480: prepare_thread() 'Preparing some images'
INFO: 2023-09-26 07:56:24,481: do_set_wp() 'Calling do_set_wp with /home/judah/.config/variety/wallpaper/wallpapers/fantasy_space.jpg, time: 1695740184.4814556'
INFO: 2023-09-26 07:56:24,491: prepare_thread() 'After search prepared buffer contains 9 images'
INFO: 2023-09-26 07:56:24,510: update_indicator() 'Setting file info to: /home/judah/.config/variety/wallpaper/wallpapers/fantasy_space.jpg'
INFO: 2023-09-26 07:56:24,513: list_files() 'More than 1 files in the folders, stop listing'
INFO: 2023-09-26 07:56:26,492: trigger_download() 'Triggering download thread to check if download needed and possible'
INFO: 2023-09-26 07:57:24,627: regular_change_thread() 'regular_change changes wallpaper'
INFO: 2023-09-26 07:57:24,627: set_wallpaper() 'Calling set_wallpaper with /home/judah/.config/variety/wallpaper/wallpapers/japan_garden.jpg'
INFO: 2023-09-26 07:57:24,628: prepare_thread() 'Prepared buffer contains 8 images'
INFO: 2023-09-26 07:57:24,629: do_set_wp() 'Calling do_set_wp with /home/judah/.config/variety/wallpaper/wallpapers/japan_garden.jpg, time: 1695740244.6290307'
INFO: 2023-09-26 07:57:24,655: update_indicator() 'Setting file info to: /home/judah/.config/variety/wallpaper/wallpapers/japan_garden.jpg'
INFO: 2023-09-26 07:57:24,657: list_files() 'More than 1 files in the folders, stop listing'
INFO: 2023-09-26 07:57:26,630: trigger_download() 'Triggering download thread to check if download needed and possible'
INFO: 2023-09-26 07:58:24,771: regular_change_thread() 'regular_change changes wallpaper'
INFO: 2023-09-26 07:58:24,771: set_wallpaper() 'Calling set_wallpaper with /home/judah/.config/variety/wallpaper/wallpapers/fantasy_space.jpg'
INFO: 2023-09-26 07:58:24,772: prepare_thread() 'Prepared buffer contains 7 images'
INFO: 2023-09-26 07:58:24,772: do_set_wp() 'Calling do_set_wp with /home/judah/.config/variety/wallpaper/wallpapers/fantasy_space.jpg, time: 1695740304.7729657'
INFO: 2023-09-26 07:58:24,796: update_indicator() 'Setting file info to: /home/judah/.config/variety/wallpaper/wallpapers/fantasy_space.jpg'
INFO: 2023-09-26 07:58:24,799: list_files() 'More than 1 files in the folders, stop listing'
INFO: 2023-09-26 07:58:26,773: trigger_download() 'Triggering download thread to check if download needed and possible'
INFO: 2023-09-26 07:59:24,912: regular_change_thread() 'regular_change changes wallpaper'
INFO: 2023-09-26 07:59:24,913: set_wallpaper() 'Calling set_wallpaper with /home/judah/.config/variety/wallpaper/wallpapers/invasion_of_vryn.jpg'
INFO: 2023-09-26 07:59:24,913: prepare_thread() 'Prepared buffer contains 6 images'
INFO: 2023-09-26 07:59:24,914: do_set_wp() 'Calling do_set_wp with /home/judah/.config/variety/wallpaper/wallpapers/invasion_of_vryn.jpg, time: 1695740364.9145951'
INFO: 2023-09-26 07:59:24,937: update_indicator() 'Setting file info to: /home/judah/.config/variety/wallpaper/wallpapers/invasion_of_vryn.jpg'
INFO: 2023-09-26 07:59:24,939: list_files() 'More than 1 files in the folders, stop listing'
INFO: 2023-09-26 07:59:26,915: trigger_download() 'Triggering download thread to check if download needed and possible'
INFO: 2023-09-26 08:00:25,053: regular_change_thread() 'regular_change changes wallpaper'
INFO: 2023-09-26 08:00:25,054: set_wallpaper() 'Calling set_wallpaper with /home/judah/.config/variety/wallpaper/wallpapers/daze.jpg'
INFO: 2023-09-26 08:00:25,054: prepare_thread() 'Prepared buffer contains 5 images'
INFO: 2023-09-26 08:00:25,055: do_set_wp() 'Calling do_set_wp with /home/judah/.config/variety/wallpaper/wallpapers/daze.jpg, time: 1695740425.0552924'
INFO: 2023-09-26 08:00:25,087: update_indicator() 'Setting file info to: /home/judah/.config/variety/wallpaper/wallpapers/daze.jpg'
INFO: 2023-09-26 08:00:25,090: list_files() 'More than 1 files in the folders, stop listing'
INFO: 2023-09-26 08:00:27,056: trigger_download() 'Triggering download thread to check if download needed and possible'
INFO: 2023-09-26 08:01:25,153: regular_change_thread() 'regular_change changes wallpaper'
INFO: 2023-09-26 08:01:25,154: set_wallpaper() 'Calling set_wallpaper with /home/judah/.config/variety/wallpaper/wallpapers/space_whales.jpg'
INFO: 2023-09-26 08:01:25,154: prepare_thread() 'Prepared buffer contains 4 images'
INFO: 2023-09-26 08:01:25,154: prepare_thread() 'Preparing some images'
INFO: 2023-09-26 08:01:25,162: prepare_thread() 'After search prepared buffer contains 9 images'
INFO: 2023-09-26 08:01:25,169: do_set_wp() 'Calling do_set_wp with /home/judah/.config/variety/wallpaper/wallpapers/space_whales.jpg, time: 1695740485.1693633'
INFO: 2023-09-26 08:01:25,206: update_indicator() 'Setting file info to: /home/judah/.config/variety/wallpaper/wallpapers/space_whales.jpg'
INFO: 2023-09-26 08:01:25,209: list_files() 'More than 1 files in the folders, stop listing'
INFO: 2023-09-26 08:01:27,178: trigger_download() 'Triggering download thread to check if download needed and possible'
INFO: 2023-09-26 08:02:25,851: regular_change_thread() 'regular_change changes wallpaper'
INFO: 2023-09-26 08:02:25,852: set_wallpaper() 'Calling set_wallpaper with /home/judah/.config/variety/wallpaper/wallpapers/towashi.jpg'
INFO: 2023-09-26 08:02:25,852: prepare_thread() 'Prepared buffer contains 8 images'
INFO: 2023-09-26 08:02:25,854: do_set_wp() 'Calling do_set_wp with /home/judah/.config/variety/wallpaper/wallpapers/towashi.jpg, time: 1695740545.854432'
INFO: 2023-09-26 08:02:25,889: update_indicator() 'Setting file info to: /home/judah/.config/variety/wallpaper/wallpapers/towashi.jpg'
INFO: 2023-09-26 08:02:25,895: list_files() 'More than 1 files in the folders, stop listing'
INFO: 2023-09-26 08:02:27,859: trigger_download() 'Triggering download thread to check if download needed and possible'
INFO: 2023-09-26 08:03:26,007: regular_change_thread() 'regular_change changes wallpaper'
INFO: 2023-09-26 08:03:26,008: set_wallpaper() 'Calling set_wallpaper with /home/judah/.config/variety/wallpaper/wallpapers/japan_garden.jpg'
INFO: 2023-09-26 08:03:26,008: do_set_wp() 'Calling do_set_wp with /home/judah/.config/variety/wallpaper/wallpapers/japan_garden.jpg, time: 1695740606.0089297'
INFO: 2023-09-26 08:03:26,009: prepare_thread() 'Prepared buffer contains 7 images'
INFO: 2023-09-26 08:03:26,036: update_indicator() 'Setting file info to: /home/judah/.config/variety/wallpaper/wallpapers/japan_garden.jpg'
INFO: 2023-09-26 08:03:26,039: list_files() 'More than 1 files in the folders, stop listing'
INFO: 2023-09-26 08:03:28,011: trigger_download() 'Triggering download thread to check if download needed and possible'
INFO: 2023-09-26 08:04:26,152: regular_change_thread() 'regular_change changes wallpaper'
INFO: 2023-09-26 08:04:26,153: set_wallpaper() 'Calling set_wallpaper with /home/judah/.config/variety/wallpaper/wallpapers/daze.jpg'
INFO: 2023-09-26 08:04:26,153: prepare_thread() 'Prepared buffer contains 6 images'
INFO: 2023-09-26 08:04:26,154: do_set_wp() 'Calling do_set_wp with /home/judah/.config/variety/wallpaper/wallpapers/daze.jpg, time: 1695740666.1541133'
INFO: 2023-09-26 08:04:26,180: update_indicator() 'Setting file info to: /home/judah/.config/variety/wallpaper/wallpapers/daze.jpg'
INFO: 2023-09-26 08:04:26,183: list_files() 'More than 1 files in the folders, stop listing'
INFO: 2023-09-26 08:04:28,155: trigger_download() 'Triggering download thread to check if download needed and possible'
INFO: 2023-09-26 08:05:26,297: regular_change_thread() 'regular_change changes wallpaper'
INFO: 2023-09-26 08:05:26,298: set_wallpaper() 'Calling set_wallpaper with /home/judah/.config/variety/wallpaper/wallpapers/invasion_of_vryn.jpg'
INFO: 2023-09-26 08:05:26,298: prepare_thread() 'Prepared buffer contains 5 images'
INFO: 2023-09-26 08:05:26,299: do_set_wp() 'Calling do_set_wp with /home/judah/.config/variety/wallpaper/wallpapers/invasion_of_vryn.jpg, time: 1695740726.2992024'
INFO: 2023-09-26 08:05:26,327: update_indicator() 'Setting file info to: /home/judah/.config/variety/wallpaper/wallpapers/invasion_of_vryn.jpg'
INFO: 2023-09-26 08:05:26,329: list_files() 'More than 1 files in the folders, stop listing'
INFO: 2023-09-26 08:05:28,300: trigger_download() 'Triggering download thread to check if download needed and possible'
INFO: 2023-09-26 08:06:26,443: regular_change_thread() 'regular_change changes wallpaper'
INFO: 2023-09-26 08:06:26,444: set_wallpaper() 'Calling set_wallpaper with /home/judah/.config/variety/wallpaper/scifi_city.png'
INFO: 2023-09-26 08:06:26,444: prepare_thread() 'Prepared buffer contains 4 images'
INFO: 2023-09-26 08:06:26,445: do_set_wp() 'Calling do_set_wp with /home/judah/.config/variety/wallpaper/scifi_city.png, time: 1695740786.445143'
INFO: 2023-09-26 08:06:26,445: prepare_thread() 'Preparing some images'
INFO: 2023-09-26 08:06:26,456: prepare_thread() 'After search prepared buffer contains 9 images'
INFO: 2023-09-26 08:06:26,474: update_indicator() 'Setting file info to: /home/judah/.config/variety/wallpaper/scifi_city.png'
INFO: 2023-09-26 08:06:26,489: list_files() 'More than 1 files in the folders, stop listing'
INFO: 2023-09-26 08:06:28,457: trigger_download() 'Triggering download thread to check if download needed and possible'
INFO: 2023-09-26 08:07:26,592: regular_change_thread() 'regular_change changes wallpaper'
INFO: 2023-09-26 08:07:26,593: set_wallpaper() 'Calling set_wallpaper with /home/judah/.config/variety/wallpaper/wallpapers/towashi.jpg'
INFO: 2023-09-26 08:07:26,593: prepare_thread() 'Prepared buffer contains 8 images'
INFO: 2023-09-26 08:07:26,616: do_set_wp() 'Calling do_set_wp with /home/judah/.config/variety/wallpaper/wallpapers/towashi.jpg, time: 1695740846.6162229'
INFO: 2023-09-26 08:07:26,678: update_indicator() 'Setting file info to: /home/judah/.config/variety/wallpaper/wallpapers/towashi.jpg'
INFO: 2023-09-26 08:07:26,683: list_files() 'More than 1 files in the folders, stop listing'
INFO: 2023-09-26 08:07:28,612: trigger_download() 'Triggering download thread to check if download needed and possible'
INFO: 2023-09-26 08:08:26,849: regular_change_thread() 'regular_change changes wallpaper'
INFO: 2023-09-26 08:08:26,849: set_wallpaper() 'Calling set_wallpaper with /home/judah/.config/variety/wallpaper/scifi_city.png'
INFO: 2023-09-26 08:08:26,850: prepare_thread() 'Prepared buffer contains 7 images'
INFO: 2023-09-26 08:08:26,851: do_set_wp() 'Calling do_set_wp with /home/judah/.config/variety/wallpaper/scifi_city.png, time: 1695740906.8514342'
INFO: 2023-09-26 08:08:26,879: update_indicator() 'Setting file info to: /home/judah/.config/variety/wallpaper/scifi_city.png'
INFO: 2023-09-26 08:08:26,895: list_files() 'More than 1 files in the folders, stop listing'
INFO: 2023-09-26 08:08:28,851: trigger_download() 'Triggering download thread to check if download needed and possible'
INFO: 2023-09-26 08:09:26,996: regular_change_thread() 'regular_change changes wallpaper'
INFO: 2023-09-26 08:09:26,996: set_wallpaper() 'Calling set_wallpaper with /home/judah/.config/variety/wallpaper/wallpapers/new_capenna.jpg'
INFO: 2023-09-26 08:09:26,997: do_set_wp() 'Calling do_set_wp with /home/judah/.config/variety/wallpaper/wallpapers/new_capenna.jpg, time: 1695740966.9970284'
INFO: 2023-09-26 08:09:26,997: prepare_thread() 'Prepared buffer contains 6 images'
INFO: 2023-09-26 08:09:27,025: update_indicator() 'Setting file info to: /home/judah/.config/variety/wallpaper/wallpapers/new_capenna.jpg'
INFO: 2023-09-26 08:09:27,028: list_files() 'More than 1 files in the folders, stop listing'
INFO: 2023-09-26 08:09:28,998: trigger_download() 'Triggering download thread to check if download needed and possible'
INFO: 2023-09-26 08:10:27,141: regular_change_thread() 'regular_change changes wallpaper'
INFO: 2023-09-26 08:10:27,141: set_wallpaper() 'Calling set_wallpaper with /home/judah/.config/variety/wallpaper/wallpapers/invasion_of_vryn.jpg'
INFO: 2023-09-26 08:10:27,141: prepare_thread() 'Prepared buffer contains 5 images'
INFO: 2023-09-26 08:10:27,142: do_set_wp() 'Calling do_set_wp with /home/judah/.config/variety/wallpaper/wallpapers/invasion_of_vryn.jpg, time: 1695741027.1425354'
INFO: 2023-09-26 08:10:27,169: update_indicator() 'Setting file info to: /home/judah/.config/variety/wallpaper/wallpapers/invasion_of_vryn.jpg'
INFO: 2023-09-26 08:10:27,171: list_files() 'More than 1 files in the folders, stop listing'
INFO: 2023-09-26 08:10:29,144: trigger_download() 'Triggering download thread to check if download needed and possible'
INFO: 2023-09-26 08:11:27,285: regular_change_thread() 'regular_change changes wallpaper'
INFO: 2023-09-26 08:11:27,286: set_wallpaper() 'Calling set_wallpaper with /home/judah/.config/variety/wallpaper/wallpapers/plantera.jpg'
INFO: 2023-09-26 08:11:27,286: prepare_thread() 'Prepared buffer contains 4 images'
INFO: 2023-09-26 08:11:27,287: prepare_thread() 'Preparing some images'
INFO: 2023-09-26 08:11:27,287: do_set_wp() 'Calling do_set_wp with /home/judah/.config/variety/wallpaper/wallpapers/plantera.jpg, time: 1695741087.2878883'
INFO: 2023-09-26 08:11:27,299: prepare_thread() 'After search prepared buffer contains 9 images'
INFO: 2023-09-26 08:11:27,326: update_indicator() 'Setting file info to: /home/judah/.config/variety/wallpaper/wallpapers/plantera.jpg'
INFO: 2023-09-26 08:11:27,329: list_files() 'More than 1 files in the folders, stop listing'
INFO: 2023-09-26 08:11:29,300: trigger_download() 'Triggering download thread to check if download needed and possible'
INFO: 2023-09-26 08:12:27,442: regular_change_thread() 'regular_change changes wallpaper'
INFO: 2023-09-26 08:12:27,443: set_wallpaper() 'Calling set_wallpaper with /home/judah/.config/variety/wallpaper/wallpapers/japan_garden.jpg'
INFO: 2023-09-26 08:12:27,443: prepare_thread() 'Prepared buffer contains 8 images'
INFO: 2023-09-26 08:12:27,444: do_set_wp() 'Calling do_set_wp with /home/judah/.config/variety/wallpaper/wallpapers/japan_garden.jpg, time: 1695741147.4441192'
INFO: 2023-09-26 08:12:27,476: update_indicator() 'Setting file info to: /home/judah/.config/variety/wallpaper/wallpapers/japan_garden.jpg'
INFO: 2023-09-26 08:12:27,480: list_files() 'More than 1 files in the folders, stop listing'
INFO: 2023-09-26 08:12:29,445: trigger_download() 'Triggering download thread to check if download needed and possible'
INFO: 2023-09-26 08:13:27,593: regular_change_thread() 'regular_change changes wallpaper'
INFO: 2023-09-26 08:13:27,594: set_wallpaper() 'Calling set_wallpaper with /home/judah/.config/variety/wallpaper/wallpapers/towashi.jpg'
INFO: 2023-09-26 08:13:27,594: prepare_thread() 'Prepared buffer contains 7 images'
INFO: 2023-09-26 08:13:27,595: do_set_wp() 'Calling do_set_wp with /home/judah/.config/variety/wallpaper/wallpapers/towashi.jpg, time: 1695741207.5953157'
INFO: 2023-09-26 08:13:27,629: update_indicator() 'Setting file info to: /home/judah/.config/variety/wallpaper/wallpapers/towashi.jpg'
INFO: 2023-09-26 08:13:27,633: list_files() 'More than 1 files in the folders, stop listing'
INFO: 2023-09-26 08:13:29,595: trigger_download() 'Triggering download thread to check if download needed and possible'
INFO: 2023-09-26 08:17:30,488: regular_change_thread() 'regular_change changes wallpaper'
INFO: 2023-09-26 08:17:30,489: set_wallpaper() 'Calling set_wallpaper with /home/judah/.config/variety/wallpaper/wallpapers/fantasy_space.jpg'
INFO: 2023-09-26 08:17:30,489: prepare_thread() 'Prepared buffer contains 6 images'
INFO: 2023-09-26 08:17:30,490: do_set_wp() 'Calling do_set_wp with /home/judah/.config/variety/wallpaper/wallpapers/fantasy_space.jpg, time: 1695741450.4908717'
INFO: 2023-09-26 08:17:30,518: update_indicator() 'Setting file info to: /home/judah/.config/variety/wallpaper/wallpapers/fantasy_space.jpg'
INFO: 2023-09-26 08:17:30,520: list_files() 'More than 1 files in the folders, stop listing'
INFO: 2023-09-26 08:17:32,490: trigger_download() 'Triggering download thread to check if download needed and possible'
INFO: 2023-09-26 08:18:30,635: regular_change_thread() 'regular_change changes wallpaper'
INFO: 2023-09-26 08:18:30,637: set_wallpaper() 'Calling set_wallpaper with /home/judah/.config/variety/wallpaper/wallpapers/plantera.jpg'
INFO: 2023-09-26 08:18:30,637: prepare_thread() 'Prepared buffer contains 5 images'
INFO: 2023-09-26 08:18:30,638: do_set_wp() 'Calling do_set_wp with /home/judah/.config/variety/wallpaper/wallpapers/plantera.jpg, time: 1695741510.6388345'
INFO: 2023-09-26 08:18:30,679: update_indicator() 'Setting file info to: /home/judah/.config/variety/wallpaper/wallpapers/plantera.jpg'
INFO: 2023-09-26 08:18:30,681: list_files() 'More than 1 files in the folders, stop listing'
INFO: 2023-09-26 08:18:32,639: trigger_download() 'Triggering download thread to check if download needed and possible'
INFO: 2023-09-26 08:19:30,801: regular_change_thread() 'regular_change changes wallpaper'
INFO: 2023-09-26 08:19:30,801: set_wallpaper() 'Calling set_wallpaper with /home/judah/.config/variety/wallpaper/wallpapers/space_whales.jpg'
INFO: 2023-09-26 08:19:30,801: prepare_thread() 'Prepared buffer contains 4 images'
INFO: 2023-09-26 08:19:30,802: do_set_wp() 'Calling do_set_wp with /home/judah/.config/variety/wallpaper/wallpapers/space_whales.jpg, time: 1695741570.8022258'
INFO: 2023-09-26 08:19:30,802: prepare_thread() 'Preparing some images'
INFO: 2023-09-26 08:19:30,813: prepare_thread() 'After search prepared buffer contains 9 images'
INFO: 2023-09-26 08:19:30,836: update_indicator() 'Setting file info to: /home/judah/.config/variety/wallpaper/wallpapers/space_whales.jpg'
INFO: 2023-09-26 08:19:30,839: list_files() 'More than 1 files in the folders, stop listing'
INFO: 2023-09-26 08:19:32,813: trigger_download() 'Triggering download thread to check if download needed and possible'
INFO: 2023-09-26 08:20:30,954: regular_change_thread() 'regular_change changes wallpaper'
INFO: 2023-09-26 08:20:30,954: set_wallpaper() 'Calling set_wallpaper with /home/judah/.config/variety/wallpaper/wallpapers/plantera.jpg'
INFO: 2023-09-26 08:20:30,955: prepare_thread() 'Prepared buffer contains 8 images'
INFO: 2023-09-26 08:20:30,955: do_set_wp() 'Calling do_set_wp with /home/judah/.config/variety/wallpaper/wallpapers/plantera.jpg, time: 1695741630.9556005'
INFO: 2023-09-26 08:20:30,981: update_indicator() 'Setting file info to: /home/judah/.config/variety/wallpaper/wallpapers/plantera.jpg'
INFO: 2023-09-26 08:20:30,984: list_files() 'More than 1 files in the folders, stop listing'
INFO: 2023-09-26 08:20:32,957: trigger_download() 'Triggering download thread to check if download needed and possible'
INFO: 2023-09-26 08:32:39,760: regular_change_thread() 'regular_change changes wallpaper'
INFO: 2023-09-26 08:32:39,760: set_wallpaper() 'Calling set_wallpaper with /home/judah/.config/variety/wallpaper/wallpapers/japan_garden.jpg'
INFO: 2023-09-26 08:32:39,761: prepare_thread() 'Prepared buffer contains 7 images'
INFO: 2023-09-26 08:32:39,761: do_set_wp() 'Calling do_set_wp with /home/judah/.config/variety/wallpaper/wallpapers/japan_garden.jpg, time: 1695742359.7619126'
INFO: 2023-09-26 08:32:39,788: update_indicator() 'Setting file info to: /home/judah/.config/variety/wallpaper/wallpapers/japan_garden.jpg'
INFO: 2023-09-26 08:32:39,791: list_files() 'More than 1 files in the folders, stop listing'
INFO: 2023-09-26 08:32:41,763: trigger_download() 'Triggering download thread to check if download needed and possible'
INFO: 2023-09-26 08:33:39,904: regular_change_thread() 'regular_change changes wallpaper'
INFO: 2023-09-26 08:33:39,905: set_wallpaper() 'Calling set_wallpaper with /home/judah/.config/variety/wallpaper/wallpapers/fantasy_space.jpg'
INFO: 2023-09-26 08:33:39,905: prepare_thread() 'Prepared buffer contains 6 images'
INFO: 2023-09-26 08:33:39,907: do_set_wp() 'Calling do_set_wp with /home/judah/.config/variety/wallpaper/wallpapers/fantasy_space.jpg, time: 1695742419.9071336'
INFO: 2023-09-26 08:33:39,933: update_indicator() 'Setting file info to: /home/judah/.config/variety/wallpaper/wallpapers/fantasy_space.jpg'
INFO: 2023-09-26 08:33:39,936: list_files() 'More than 1 files in the folders, stop listing'
INFO: 2023-09-26 08:33:41,908: trigger_download() 'Triggering download thread to check if download needed and possible'
INFO: 2023-09-26 08:34:40,049: regular_change_thread() 'regular_change changes wallpaper'
INFO: 2023-09-26 08:34:40,050: set_wallpaper() 'Calling set_wallpaper with /home/judah/.config/variety/wallpaper/wallpapers/new_capenna.jpg'
INFO: 2023-09-26 08:34:40,050: prepare_thread() 'Prepared buffer contains 5 images'
INFO: 2023-09-26 08:34:40,051: do_set_wp() 'Calling do_set_wp with /home/judah/.config/variety/wallpaper/wallpapers/new_capenna.jpg, time: 1695742480.0513494'
INFO: 2023-09-26 08:34:40,074: update_indicator() 'Setting file info to: /home/judah/.config/variety/wallpaper/wallpapers/new_capenna.jpg'
INFO: 2023-09-26 08:34:40,076: list_files() 'More than 1 files in the folders, stop listing'
INFO: 2023-09-26 08:34:42,052: trigger_download() 'Triggering download thread to check if download needed and possible'
INFO: 2023-09-26 08:35:40,190: regular_change_thread() 'regular_change changes wallpaper'
INFO: 2023-09-26 08:35:40,191: set_wallpaper() 'Calling set_wallpaper with /home/judah/.config/variety/wallpaper/wallpapers/invasion_of_vryn.jpg'
INFO: 2023-09-26 08:35:40,191: prepare_thread() 'Prepared buffer contains 4 images'
INFO: 2023-09-26 08:35:40,192: prepare_thread() 'Preparing some images'
INFO: 2023-09-26 08:35:40,192: do_set_wp() 'Calling do_set_wp with /home/judah/.config/variety/wallpaper/wallpapers/invasion_of_vryn.jpg, time: 1695742540.1927783'
INFO: 2023-09-26 08:35:40,199: prepare_thread() 'After search prepared buffer contains 9 images'
INFO: 2023-09-26 08:35:40,226: update_indicator() 'Setting file info to: /home/judah/.config/variety/wallpaper/wallpapers/invasion_of_vryn.jpg'
INFO: 2023-09-26 08:35:40,228: list_files() 'More than 1 files in the folders, stop listing'
INFO: 2023-09-26 08:35:42,200: trigger_download() 'Triggering download thread to check if download needed and possible'
INFO: 2023-09-26 08:36:40,343: regular_change_thread() 'regular_change changes wallpaper'
INFO: 2023-09-26 08:36:40,343: set_wallpaper() 'Calling set_wallpaper with /home/judah/.config/variety/wallpaper/wallpapers/fantasy_space.jpg'
INFO: 2023-09-26 08:36:40,344: prepare_thread() 'Prepared buffer contains 8 images'
INFO: 2023-09-26 08:36:40,344: do_set_wp() 'Calling do_set_wp with /home/judah/.config/variety/wallpaper/wallpapers/fantasy_space.jpg, time: 1695742600.3446977'
INFO: 2023-09-26 08:36:40,374: update_indicator() 'Setting file info to: /home/judah/.config/variety/wallpaper/wallpapers/fantasy_space.jpg'
INFO: 2023-09-26 08:36:40,376: list_files() 'More than 1 files in the folders, stop listing'
INFO: 2023-09-26 08:36:42,346: trigger_download() 'Triggering download thread to check if download needed and possible'
INFO: 2023-09-26 08:37:40,490: regular_change_thread() 'regular_change changes wallpaper'
INFO: 2023-09-26 08:37:40,490: set_wallpaper() 'Calling set_wallpaper with /home/judah/.config/variety/wallpaper/wallpapers/plantera.jpg'
INFO: 2023-09-26 08:37:40,491: prepare_thread() 'Prepared buffer contains 7 images'
INFO: 2023-09-26 08:37:40,492: do_set_wp() 'Calling do_set_wp with /home/judah/.config/variety/wallpaper/wallpapers/plantera.jpg, time: 1695742660.4928374'
INFO: 2023-09-26 08:37:40,524: update_indicator() 'Setting file info to: /home/judah/.config/variety/wallpaper/wallpapers/plantera.jpg'
INFO: 2023-09-26 08:37:40,528: list_files() 'More than 1 files in the folders, stop listing'
INFO: 2023-09-26 08:37:42,492: trigger_download() 'Triggering download thread to check if download needed and possible'
INFO: 2023-09-26 08:38:40,641: regular_change_thread() 'regular_change changes wallpaper'
INFO: 2023-09-26 08:38:40,642: set_wallpaper() 'Calling set_wallpaper with /home/judah/.config/variety/wallpaper/wallpapers/daze.jpg'
INFO: 2023-09-26 08:38:40,642: prepare_thread() 'Prepared buffer contains 6 images'
INFO: 2023-09-26 08:38:40,647: do_set_wp() 'Calling do_set_wp with /home/judah/.config/variety/wallpaper/wallpapers/daze.jpg, time: 1695742720.6477973'
INFO: 2023-09-26 08:38:40,690: update_indicator() 'Setting file info to: /home/judah/.config/variety/wallpaper/wallpapers/daze.jpg'
INFO: 2023-09-26 08:38:40,693: list_files() 'More than 1 files in the folders, stop listing'
INFO: 2023-09-26 08:38:42,649: trigger_download() 'Triggering download thread to check if download needed and possible'
INFO: 2023-09-26 08:39:40,865: regular_change_thread() 'regular_change changes wallpaper'
INFO: 2023-09-26 08:39:40,866: set_wallpaper() 'Calling set_wallpaper with /home/judah/.config/variety/wallpaper/wallpapers/japan_garden.jpg'
INFO: 2023-09-26 08:39:40,866: prepare_thread() 'Prepared buffer contains 5 images'
INFO: 2023-09-26 08:39:40,867: do_set_wp() 'Calling do_set_wp with /home/judah/.config/variety/wallpaper/wallpapers/japan_garden.jpg, time: 1695742780.867626'
INFO: 2023-09-26 08:39:40,894: update_indicator() 'Setting file info to: /home/judah/.config/variety/wallpaper/wallpapers/japan_garden.jpg'
INFO: 2023-09-26 08:39:40,896: list_files() 'More than 1 files in the folders, stop listing'
INFO: 2023-09-26 08:39:42,868: trigger_download() 'Triggering download thread to check if download needed and possible'
INFO: 2023-09-26 08:40:41,010: regular_change_thread() 'regular_change changes wallpaper'
INFO: 2023-09-26 08:40:41,010: set_wallpaper() 'Calling set_wallpaper with /home/judah/.config/variety/wallpaper/wallpapers/new_capenna.jpg'
INFO: 2023-09-26 08:40:41,011: do_set_wp() 'Calling do_set_wp with /home/judah/.config/variety/wallpaper/wallpapers/new_capenna.jpg, time: 1695742841.0113695'
INFO: 2023-09-26 08:40:41,011: prepare_thread() 'Prepared buffer contains 4 images'
INFO: 2023-09-26 08:40:41,012: prepare_thread() 'Preparing some images'
INFO: 2023-09-26 08:40:41,021: prepare_thread() 'After search prepared buffer contains 9 images'
INFO: 2023-09-26 08:40:41,040: update_indicator() 'Setting file info to: /home/judah/.config/variety/wallpaper/wallpapers/new_capenna.jpg'
INFO: 2023-09-26 08:40:41,043: list_files() 'More than 1 files in the folders, stop listing'
INFO: 2023-09-26 08:40:43,022: trigger_download() 'Triggering download thread to check if download needed and possible'
INFO: 2023-09-26 08:41:41,157: regular_change_thread() 'regular_change changes wallpaper'
INFO: 2023-09-26 08:41:41,158: set_wallpaper() 'Calling set_wallpaper with /home/judah/.config/variety/wallpaper/wallpapers/japan_garden.jpg'
INFO: 2023-09-26 08:41:41,158: prepare_thread() 'Prepared buffer contains 8 images'
INFO: 2023-09-26 08:41:41,159: do_set_wp() 'Calling do_set_wp with /home/judah/.config/variety/wallpaper/wallpapers/japan_garden.jpg, time: 1695742901.1594028'
INFO: 2023-09-26 08:41:41,186: update_indicator() 'Setting file info to: /home/judah/.config/variety/wallpaper/wallpapers/japan_garden.jpg'
INFO: 2023-09-26 08:41:41,190: list_files() 'More than 1 files in the folders, stop listing'
INFO: 2023-09-26 08:41:43,161: trigger_download() 'Triggering download thread to check if download needed and possible'
INFO: 2023-09-26 08:42:41,303: regular_change_thread() 'regular_change changes wallpaper'
INFO: 2023-09-26 08:42:41,304: set_wallpaper() 'Calling set_wallpaper with /home/judah/.config/variety/wallpaper/wallpapers/towashi.jpg'
INFO: 2023-09-26 08:42:41,304: prepare_thread() 'Prepared buffer contains 7 images'
INFO: 2023-09-26 08:42:41,305: do_set_wp() 'Calling do_set_wp with /home/judah/.config/variety/wallpaper/wallpapers/towashi.jpg, time: 1695742961.3059177'
INFO: 2023-09-26 08:42:41,341: update_indicator() 'Setting file info to: /home/judah/.config/variety/wallpaper/wallpapers/towashi.jpg'
INFO: 2023-09-26 08:42:41,347: list_files() 'More than 1 files in the folders, stop listing'
INFO: 2023-09-26 08:42:43,305: trigger_download() 'Triggering download thread to check if download needed and possible'
INFO: 2023-09-26 08:43:41,461: regular_change_thread() 'regular_change changes wallpaper'
INFO: 2023-09-26 08:43:41,461: set_wallpaper() 'Calling set_wallpaper with /home/judah/.config/variety/wallpaper/scifi_city.png'
INFO: 2023-09-26 08:43:41,462: prepare_thread() 'Prepared buffer contains 6 images'
INFO: 2023-09-26 08:43:41,462: do_set_wp() 'Calling do_set_wp with /home/judah/.config/variety/wallpaper/scifi_city.png, time: 1695743021.462814'
INFO: 2023-09-26 08:43:41,487: update_indicator() 'Setting file info to: /home/judah/.config/variety/wallpaper/scifi_city.png'
INFO: 2023-09-26 08:43:41,499: list_files() 'More than 1 files in the folders, stop listing'
INFO: 2023-09-26 08:43:43,464: trigger_download() 'Triggering download thread to check if download needed and possible'
INFO: 2023-09-26 08:45:26,138: regular_change_thread() 'regular_change changes wallpaper'
INFO: 2023-09-26 08:45:26,138: set_wallpaper() 'Calling set_wallpaper with /home/judah/.config/variety/wallpaper/wallpapers/space_whales.jpg'
INFO: 2023-09-26 08:45:26,139: prepare_thread() 'Prepared buffer contains 5 images'
INFO: 2023-09-26 08:45:26,139: do_set_wp() 'Calling do_set_wp with /home/judah/.config/variety/wallpaper/wallpapers/space_whales.jpg, time: 1695743126.1394677'
INFO: 2023-09-26 08:45:26,170: update_indicator() 'Setting file info to: /home/judah/.config/variety/wallpaper/wallpapers/space_whales.jpg'
INFO: 2023-09-26 08:45:26,173: list_files() 'More than 1 files in the folders, stop listing'
INFO: 2023-09-26 08:45:28,140: trigger_download() 'Triggering download thread to check if download needed and possible'
INFO: 2023-09-26 08:46:26,287: regular_change_thread() 'regular_change changes wallpaper'
INFO: 2023-09-26 08:46:26,287: set_wallpaper() 'Calling set_wallpaper with /home/judah/.config/variety/wallpaper/wallpapers/new_capenna.jpg'
INFO: 2023-09-26 08:46:26,288: prepare_thread() 'Prepared buffer contains 4 images'
INFO: 2023-09-26 08:46:26,288: do_set_wp() 'Calling do_set_wp with /home/judah/.config/variety/wallpaper/wallpapers/new_capenna.jpg, time: 1695743186.288419'
INFO: 2023-09-26 08:46:26,288: prepare_thread() 'Preparing some images'
INFO: 2023-09-26 08:46:26,295: prepare_thread() 'After search prepared buffer contains 9 images'
INFO: 2023-09-26 08:46:26,313: update_indicator() 'Setting file info to: /home/judah/.config/variety/wallpaper/wallpapers/new_capenna.jpg'
INFO: 2023-09-26 08:46:26,315: list_files() 'More than 1 files in the folders, stop listing'
INFO: 2023-09-26 08:46:28,297: trigger_download() 'Triggering download thread to check if download needed and possible'
INFO: 2023-09-26 08:47:26,429: regular_change_thread() 'regular_change changes wallpaper'
INFO: 2023-09-26 08:47:26,430: set_wallpaper() 'Calling set_wallpaper with /home/judah/.config/variety/wallpaper/wallpapers/towashi.jpg'
INFO: 2023-09-26 08:47:26,430: prepare_thread() 'Prepared buffer contains 8 images'
INFO: 2023-09-26 08:47:26,431: do_set_wp() 'Calling do_set_wp with /home/judah/.config/variety/wallpaper/wallpapers/towashi.jpg, time: 1695743246.431771'
INFO: 2023-09-26 08:47:26,467: update_indicator() 'Setting file info to: /home/judah/.config/variety/wallpaper/wallpapers/towashi.jpg'
INFO: 2023-09-26 08:47:26,472: list_files() 'More than 1 files in the folders, stop listing'
INFO: 2023-09-26 08:47:28,431: trigger_download() 'Triggering download thread to check if download needed and possible'
INFO: 2023-09-26 08:48:26,582: regular_change_thread() 'regular_change changes wallpaper'
INFO: 2023-09-26 08:48:26,582: set_wallpaper() 'Calling set_wallpaper with /home/judah/.config/variety/wallpaper/wallpapers/new_capenna.jpg'
INFO: 2023-09-26 08:48:26,583: prepare_thread() 'Prepared buffer contains 7 images'
INFO: 2023-09-26 08:48:26,584: do_set_wp() 'Calling do_set_wp with /home/judah/.config/variety/wallpaper/wallpapers/new_capenna.jpg, time: 1695743306.584678'
INFO: 2023-09-26 08:48:26,623: update_indicator() 'Setting file info to: /home/judah/.config/variety/wallpaper/wallpapers/new_capenna.jpg'
INFO: 2023-09-26 08:48:26,627: list_files() 'More than 1 files in the folders, stop listing'
INFO: 2023-09-26 08:48:28,584: trigger_download() 'Triggering download thread to check if download needed and possible'
INFO: 2023-09-26 08:49:27,463: regular_change_thread() 'regular_change changes wallpaper'
INFO: 2023-09-26 08:49:27,464: set_wallpaper() 'Calling set_wallpaper with /home/judah/.config/variety/wallpaper/wallpapers/fantasy_space.jpg'
INFO: 2023-09-26 08:49:27,464: prepare_thread() 'Prepared buffer contains 6 images'
INFO: 2023-09-26 08:49:27,465: do_set_wp() 'Calling do_set_wp with /home/judah/.config/variety/wallpaper/wallpapers/fantasy_space.jpg, time: 1695743367.4655643'
INFO: 2023-09-26 08:49:27,488: update_indicator() 'Setting file info to: /home/judah/.config/variety/wallpaper/wallpapers/fantasy_space.jpg'
INFO: 2023-09-26 08:49:27,491: list_files() 'More than 1 files in the folders, stop listing'
INFO: 2023-09-26 08:49:29,466: trigger_download() 'Triggering download thread to check if download needed and possible'
INFO: 2023-09-26 08:50:27,605: regular_change_thread() 'regular_change changes wallpaper'
INFO: 2023-09-26 08:50:27,605: set_wallpaper() 'Calling set_wallpaper with /home/judah/.config/variety/wallpaper/wallpapers/invasion_of_vryn.jpg'
INFO: 2023-09-26 08:50:27,606: prepare_thread() 'Prepared buffer contains 5 images'
INFO: 2023-09-26 08:50:27,606: do_set_wp() 'Calling do_set_wp with /home/judah/.config/variety/wallpaper/wallpapers/invasion_of_vryn.jpg, time: 1695743427.606423'
INFO: 2023-09-26 08:50:27,640: update_indicator() 'Setting file info to: /home/judah/.config/variety/wallpaper/wallpapers/invasion_of_vryn.jpg'
INFO: 2023-09-26 08:50:27,642: list_files() 'More than 1 files in the folders, stop listing'
INFO: 2023-09-26 08:50:29,607: trigger_download() 'Triggering download thread to check if download needed and possible'
INFO: 2023-09-26 08:51:27,756: regular_change_thread() 'regular_change changes wallpaper'
INFO: 2023-09-26 08:51:27,756: set_wallpaper() 'Calling set_wallpaper with /home/judah/.config/variety/wallpaper/wallpapers/plantera.jpg'
INFO: 2023-09-26 08:51:27,757: prepare_thread() 'Prepared buffer contains 4 images'
INFO: 2023-09-26 08:51:27,757: do_set_wp() 'Calling do_set_wp with /home/judah/.config/variety/wallpaper/wallpapers/plantera.jpg, time: 1695743487.7579775'
INFO: 2023-09-26 08:51:27,758: prepare_thread() 'Preparing some images'
INFO: 2023-09-26 08:51:27,766: prepare_thread() 'After search prepared buffer contains 9 images'
INFO: 2023-09-26 08:51:27,785: update_indicator() 'Setting file info to: /home/judah/.config/variety/wallpaper/wallpapers/plantera.jpg'
INFO: 2023-09-26 08:51:27,788: list_files() 'More than 1 files in the folders, stop listing'
INFO: 2023-09-26 08:51:29,767: trigger_download() 'Triggering download thread to check if download needed and possible'
INFO: 2023-09-26 08:52:27,902: regular_change_thread() 'regular_change changes wallpaper'
INFO: 2023-09-26 08:52:27,902: set_wallpaper() 'Calling set_wallpaper with /home/judah/.config/variety/wallpaper/wallpapers/towashi.jpg'
INFO: 2023-09-26 08:52:27,903: prepare_thread() 'Prepared buffer contains 8 images'
INFO: 2023-09-26 08:52:27,904: do_set_wp() 'Calling do_set_wp with /home/judah/.config/variety/wallpaper/wallpapers/towashi.jpg, time: 1695743547.9044232'
INFO: 2023-09-26 08:52:27,987: update_indicator() 'Setting file info to: /home/judah/.config/variety/wallpaper/wallpapers/towashi.jpg'
INFO: 2023-09-26 08:52:27,995: list_files() 'More than 1 files in the folders, stop listing'
INFO: 2023-09-26 08:52:29,905: trigger_download() 'Triggering download thread to check if download needed and possible'
INFO: 2023-09-26 09:04:54,569: regular_change_thread() 'regular_change changes wallpaper'
INFO: 2023-09-26 09:04:54,570: set_wallpaper() 'Calling set_wallpaper with /home/judah/.config/variety/wallpaper/wallpapers/fantasy_space.jpg'
INFO: 2023-09-26 09:04:54,570: prepare_thread() 'Prepared buffer contains 7 images'
INFO: 2023-09-26 09:04:54,572: do_set_wp() 'Calling do_set_wp with /home/judah/.config/variety/wallpaper/wallpapers/fantasy_space.jpg, time: 1695744294.5720966'
INFO: 2023-09-26 09:04:54,603: update_indicator() 'Setting file info to: /home/judah/.config/variety/wallpaper/wallpapers/fantasy_space.jpg'
INFO: 2023-09-26 09:04:54,606: list_files() 'More than 1 files in the folders, stop listing'
INFO: 2023-09-26 09:04:56,572: trigger_download() 'Triggering download thread to check if download needed and possible'
INFO: 2023-09-26 09:05:54,720: regular_change_thread() 'regular_change changes wallpaper'
INFO: 2023-09-26 09:05:54,721: set_wallpaper() 'Calling set_wallpaper with /home/judah/.config/variety/wallpaper/wallpapers/daze.jpg'
INFO: 2023-09-26 09:05:54,721: prepare_thread() 'Prepared buffer contains 6 images'
INFO: 2023-09-26 09:05:54,722: do_set_wp() 'Calling do_set_wp with /home/judah/.config/variety/wallpaper/wallpapers/daze.jpg, time: 1695744354.7221851'
INFO: 2023-09-26 09:05:54,747: update_indicator() 'Setting file info to: /home/judah/.config/variety/wallpaper/wallpapers/daze.jpg'
INFO: 2023-09-26 09:05:54,750: list_files() 'More than 1 files in the folders, stop listing'
INFO: 2023-09-26 09:05:56,723: trigger_download() 'Triggering download thread to check if download needed and possible'
INFO: 2023-09-26 09:06:55,529: regular_change_thread() 'regular_change changes wallpaper'
INFO: 2023-09-26 09:06:55,530: set_wallpaper() 'Calling set_wallpaper with /home/judah/.config/variety/wallpaper/wallpapers/invasion_of_vryn.jpg'
INFO: 2023-09-26 09:06:55,531: prepare_thread() 'Prepared buffer contains 5 images'
INFO: 2023-09-26 09:06:55,531: do_set_wp() 'Calling do_set_wp with /home/judah/.config/variety/wallpaper/wallpapers/invasion_of_vryn.jpg, time: 1695744415.5314684'
INFO: 2023-09-26 09:06:55,559: update_indicator() 'Setting file info to: /home/judah/.config/variety/wallpaper/wallpapers/invasion_of_vryn.jpg'
INFO: 2023-09-26 09:06:55,561: list_files() 'More than 1 files in the folders, stop listing'
INFO: 2023-09-26 09:06:57,533: trigger_download() 'Triggering download thread to check if download needed and possible'
INFO: 2023-09-26 09:07:55,674: regular_change_thread() 'regular_change changes wallpaper'
INFO: 2023-09-26 09:07:55,674: set_wallpaper() 'Calling set_wallpaper with /home/judah/.config/variety/wallpaper/wallpapers/japan_garden.jpg'
INFO: 2023-09-26 09:07:55,675: do_set_wp() 'Calling do_set_wp with /home/judah/.config/variety/wallpaper/wallpapers/japan_garden.jpg, time: 1695744475.67543'
INFO: 2023-09-26 09:07:55,675: prepare_thread() 'Prepared buffer contains 4 images'
INFO: 2023-09-26 09:07:55,676: prepare_thread() 'Preparing some images'
INFO: 2023-09-26 09:07:55,689: prepare_thread() 'After search prepared buffer contains 9 images'
INFO: 2023-09-26 09:07:55,721: update_indicator() 'Setting file info to: /home/judah/.config/variety/wallpaper/wallpapers/japan_garden.jpg'
INFO: 2023-09-26 09:07:55,726: list_files() 'More than 1 files in the folders, stop listing'
INFO: 2023-09-26 09:07:57,691: trigger_download() 'Triggering download thread to check if download needed and possible'
INFO: 2023-09-26 09:08:55,838: regular_change_thread() 'regular_change changes wallpaper'
INFO: 2023-09-26 09:08:55,839: set_wallpaper() 'Calling set_wallpaper with /home/judah/.config/variety/wallpaper/scifi_city.png'
INFO: 2023-09-26 09:08:55,839: prepare_thread() 'Prepared buffer contains 8 images'
INFO: 2023-09-26 09:08:55,840: do_set_wp() 'Calling do_set_wp with /home/judah/.config/variety/wallpaper/scifi_city.png, time: 1695744535.840487'
INFO: 2023-09-26 09:08:55,866: update_indicator() 'Setting file info to: /home/judah/.config/variety/wallpaper/scifi_city.png'
INFO: 2023-09-26 09:08:55,877: list_files() 'More than 1 files in the folders, stop listing'
INFO: 2023-09-26 09:08:57,841: trigger_download() 'Triggering download thread to check if download needed and possible'
INFO: 2023-09-26 09:09:55,982: regular_change_thread() 'regular_change changes wallpaper'
INFO: 2023-09-26 09:09:55,982: set_wallpaper() 'Calling set_wallpaper with /home/judah/.config/variety/wallpaper/wallpapers/daze.jpg'
INFO: 2023-09-26 09:09:55,983: prepare_thread() 'Prepared buffer contains 7 images'
INFO: 2023-09-26 09:09:55,983: do_set_wp() 'Calling do_set_wp with /home/judah/.config/variety/wallpaper/wallpapers/daze.jpg, time: 1695744595.983885'
INFO: 2023-09-26 09:09:56,013: update_indicator() 'Setting file info to: /home/judah/.config/variety/wallpaper/wallpapers/daze.jpg'
INFO: 2023-09-26 09:09:56,016: list_files() 'More than 1 files in the folders, stop listing'
INFO: 2023-09-26 09:09:57,984: trigger_download() 'Triggering download thread to check if download needed and possible'
INFO: 2023-09-26 09:10:56,130: regular_change_thread() 'regular_change changes wallpaper'
INFO: 2023-09-26 09:10:56,130: set_wallpaper() 'Calling set_wallpaper with /home/judah/.config/variety/wallpaper/wallpapers/fantasy_space.jpg'
INFO: 2023-09-26 09:10:56,131: do_set_wp() 'Calling do_set_wp with /home/judah/.config/variety/wallpaper/wallpapers/fantasy_space.jpg, time: 1695744656.1314647'
INFO: 2023-09-26 09:10:56,135: prepare_thread() 'Prepared buffer contains 6 images'
INFO: 2023-09-26 09:10:56,170: update_indicator() 'Setting file info to: /home/judah/.config/variety/wallpaper/wallpapers/fantasy_space.jpg'
INFO: 2023-09-26 09:10:56,174: list_files() 'More than 1 files in the folders, stop listing'
INFO: 2023-09-26 09:10:58,139: trigger_download() 'Triggering download thread to check if download needed and possible'
INFO: 2023-09-26 09:11:56,342: regular_change_thread() 'regular_change changes wallpaper'
INFO: 2023-09-26 09:11:56,342: set_wallpaper() 'Calling set_wallpaper with /home/judah/.config/variety/wallpaper/wallpapers/japan_garden.jpg'
INFO: 2023-09-26 09:11:56,343: prepare_thread() 'Prepared buffer contains 5 images'
INFO: 2023-09-26 09:11:56,344: do_set_wp() 'Calling do_set_wp with /home/judah/.config/variety/wallpaper/wallpapers/japan_garden.jpg, time: 1695744716.3446'
INFO: 2023-09-26 09:11:56,379: update_indicator() 'Setting file info to: /home/judah/.config/variety/wallpaper/wallpapers/japan_garden.jpg'
INFO: 2023-09-26 09:11:56,384: list_files() 'More than 1 files in the folders, stop listing'
INFO: 2023-09-26 09:11:58,344: trigger_download() 'Triggering download thread to check if download needed and possible'
INFO: 2023-09-26 09:12:56,496: regular_change_thread() 'regular_change changes wallpaper'
INFO: 2023-09-26 09:12:56,497: set_wallpaper() 'Calling set_wallpaper with /home/judah/.config/variety/wallpaper/wallpapers/plantera.jpg'
INFO: 2023-09-26 09:12:56,497: prepare_thread() 'Prepared buffer contains 4 images'
INFO: 2023-09-26 09:12:56,498: prepare_thread() 'Preparing some images'
INFO: 2023-09-26 09:12:56,498: do_set_wp() 'Calling do_set_wp with /home/judah/.config/variety/wallpaper/wallpapers/plantera.jpg, time: 1695744776.498973'
INFO: 2023-09-26 09:12:56,506: prepare_thread() 'After search prepared buffer contains 9 images'
INFO: 2023-09-26 09:12:56,525: update_indicator() 'Setting file info to: /home/judah/.config/variety/wallpaper/wallpapers/plantera.jpg'
INFO: 2023-09-26 09:12:56,528: list_files() 'More than 1 files in the folders, stop listing'
INFO: 2023-09-26 09:12:58,507: trigger_download() 'Triggering download thread to check if download needed and possible'
INFO: 2023-09-26 09:13:56,642: regular_change_thread() 'regular_change changes wallpaper'
INFO: 2023-09-26 09:13:56,643: set_wallpaper() 'Calling set_wallpaper with /home/judah/.config/variety/wallpaper/wallpapers/daze.jpg'
INFO: 2023-09-26 09:13:56,643: prepare_thread() 'Prepared buffer contains 8 images'
INFO: 2023-09-26 09:13:56,644: do_set_wp() 'Calling do_set_wp with /home/judah/.config/variety/wallpaper/wallpapers/daze.jpg, time: 1695744836.6445007'
INFO: 2023-09-26 09:13:56,673: update_indicator() 'Setting file info to: /home/judah/.config/variety/wallpaper/wallpapers/daze.jpg'
INFO: 2023-09-26 09:13:56,675: list_files() 'More than 1 files in the folders, stop listing'
INFO: 2023-09-26 09:13:58,645: trigger_download() 'Triggering download thread to check if download needed and possible'
INFO: 2023-09-26 09:14:56,789: regular_change_thread() 'regular_change changes wallpaper'
INFO: 2023-09-26 09:14:56,790: set_wallpaper() 'Calling set_wallpaper with /home/judah/.config/variety/wallpaper/wallpapers/new_capenna.jpg'
INFO: 2023-09-26 09:14:56,791: do_set_wp() 'Calling do_set_wp with /home/judah/.config/variety/wallpaper/wallpapers/new_capenna.jpg, time: 1695744896.791109'
INFO: 2023-09-26 09:14:56,791: prepare_thread() 'Prepared buffer contains 7 images'
INFO: 2023-09-26 09:14:56,821: update_indicator() 'Setting file info to: /home/judah/.config/variety/wallpaper/wallpapers/new_capenna.jpg'
INFO: 2023-09-26 09:14:56,824: list_files() 'More than 1 files in the folders, stop listing'
INFO: 2023-09-26 09:14:58,792: trigger_download() 'Triggering download thread to check if download needed and possible'
INFO: 2023-09-26 09:15:56,938: regular_change_thread() 'regular_change changes wallpaper'
INFO: 2023-09-26 09:15:56,938: set_wallpaper() 'Calling set_wallpaper with /home/judah/.config/variety/wallpaper/wallpapers/towashi.jpg'
INFO: 2023-09-26 09:15:56,938: prepare_thread() 'Prepared buffer contains 6 images'
INFO: 2023-09-26 09:15:56,940: do_set_wp() 'Calling do_set_wp with /home/judah/.config/variety/wallpaper/wallpapers/towashi.jpg, time: 1695744956.9401085'
INFO: 2023-09-26 09:15:56,969: update_indicator() 'Setting file info to: /home/judah/.config/variety/wallpaper/wallpapers/towashi.jpg'
INFO: 2023-09-26 09:15:56,972: list_files() 'More than 1 files in the folders, stop listing'
INFO: 2023-09-26 09:15:58,940: trigger_download() 'Triggering download thread to check if download needed and possible'
INFO: 2023-09-26 09:21:31,387: regular_change_thread() 'regular_change changes wallpaper'
INFO: 2023-09-26 09:21:31,388: set_wallpaper() 'Calling set_wallpaper with /home/judah/.config/variety/wallpaper/wallpapers/space_whales.jpg'
INFO: 2023-09-26 09:21:31,388: prepare_thread() 'Prepared buffer contains 5 images'
INFO: 2023-09-26 09:21:31,389: do_set_wp() 'Calling do_set_wp with /home/judah/.config/variety/wallpaper/wallpapers/space_whales.jpg, time: 1695745291.3893538'
INFO: 2023-09-26 09:21:31,421: update_indicator() 'Setting file info to: /home/judah/.config/variety/wallpaper/wallpapers/space_whales.jpg'
INFO: 2023-09-26 09:21:31,426: list_files() 'More than 1 files in the folders, stop listing'
INFO: 2023-09-26 09:21:33,390: trigger_download() 'Triggering download thread to check if download needed and possible'
INFO: 2023-09-26 09:22:31,539: regular_change_thread() 'regular_change changes wallpaper'
INFO: 2023-09-26 09:22:31,539: set_wallpaper() 'Calling set_wallpaper with /home/judah/.config/variety/wallpaper/wallpapers/fantasy_space.jpg'
INFO: 2023-09-26 09:22:31,540: prepare_thread() 'Prepared buffer contains 4 images'
INFO: 2023-09-26 09:22:31,540: prepare_thread() 'Preparing some images'
INFO: 2023-09-26 09:22:31,541: do_set_wp() 'Calling do_set_wp with /home/judah/.config/variety/wallpaper/wallpapers/fantasy_space.jpg, time: 1695745351.5417178'
INFO: 2023-09-26 09:22:31,551: prepare_thread() 'After search prepared buffer contains 9 images'
INFO: 2023-09-26 09:22:31,578: update_indicator() 'Setting file info to: /home/judah/.config/variety/wallpaper/wallpapers/fantasy_space.jpg'
INFO: 2023-09-26 09:22:31,581: list_files() 'More than 1 files in the folders, stop listing'
INFO: 2023-09-26 09:22:33,552: trigger_download() 'Triggering download thread to check if download needed and possible'
INFO: 2023-09-26 09:23:31,698: regular_change_thread() 'regular_change changes wallpaper'
INFO: 2023-09-26 09:23:31,698: set_wallpaper() 'Calling set_wallpaper with /home/judah/.config/variety/wallpaper/wallpapers/daze.jpg'
INFO: 2023-09-26 09:23:31,699: prepare_thread() 'Prepared buffer contains 8 images'
INFO: 2023-09-26 09:23:31,700: do_set_wp() 'Calling do_set_wp with /home/judah/.config/variety/wallpaper/wallpapers/daze.jpg, time: 1695745411.7002199'
INFO: 2023-09-26 09:23:31,729: update_indicator() 'Setting file info to: /home/judah/.config/variety/wallpaper/wallpapers/daze.jpg'
INFO: 2023-09-26 09:23:31,731: list_files() 'More than 1 files in the folders, stop listing'
INFO: 2023-09-26 09:23:33,701: trigger_download() 'Triggering download thread to check if download needed and possible'
INFO: 2023-09-26 09:25:40,187: regular_change_thread() 'regular_change changes wallpaper'
INFO: 2023-09-26 09:25:40,187: set_wallpaper() 'Calling set_wallpaper with /home/judah/.config/variety/wallpaper/scifi_city.png'
INFO: 2023-09-26 09:25:40,188: prepare_thread() 'Prepared buffer contains 7 images'
INFO: 2023-09-26 09:25:40,188: do_set_wp() 'Calling do_set_wp with /home/judah/.config/variety/wallpaper/scifi_city.png, time: 1695745540.188417'
INFO: 2023-09-26 09:25:40,214: update_indicator() 'Setting file info to: /home/judah/.config/variety/wallpaper/scifi_city.png'
INFO: 2023-09-26 09:25:40,225: list_files() 'More than 1 files in the folders, stop listing'
INFO: 2023-09-26 09:25:42,189: trigger_download() 'Triggering download thread to check if download needed and possible'
INFO: 2023-09-26 09:26:40,330: regular_change_thread() 'regular_change changes wallpaper'
INFO: 2023-09-26 09:26:40,331: set_wallpaper() 'Calling set_wallpaper with /home/judah/.config/variety/wallpaper/wallpapers/new_capenna.jpg'
INFO: 2023-09-26 09:26:40,331: prepare_thread() 'Prepared buffer contains 6 images'
INFO: 2023-09-26 09:26:40,332: do_set_wp() 'Calling do_set_wp with /home/judah/.config/variety/wallpaper/wallpapers/new_capenna.jpg, time: 1695745600.3323207'
INFO: 2023-09-26 09:26:40,363: update_indicator() 'Setting file info to: /home/judah/.config/variety/wallpaper/wallpapers/new_capenna.jpg'
INFO: 2023-09-26 09:26:40,366: list_files() 'More than 1 files in the folders, stop listing'
INFO: 2023-09-26 09:26:42,334: trigger_download() 'Triggering download thread to check if download needed and possible'
INFO: 2023-09-26 09:27:40,480: regular_change_thread() 'regular_change changes wallpaper'
INFO: 2023-09-26 09:27:40,480: set_wallpaper() 'Calling set_wallpaper with /home/judah/.config/variety/wallpaper/wallpapers/plantera.jpg'
INFO: 2023-09-26 09:27:40,481: prepare_thread() 'Prepared buffer contains 5 images'
INFO: 2023-09-26 09:27:40,481: do_set_wp() 'Calling do_set_wp with /home/judah/.config/variety/wallpaper/wallpapers/plantera.jpg, time: 1695745660.4817414'
INFO: 2023-09-26 09:27:40,510: update_indicator() 'Setting file info to: /home/judah/.config/variety/wallpaper/wallpapers/plantera.jpg'
INFO: 2023-09-26 09:27:40,513: list_files() 'More than 1 files in the folders, stop listing'
INFO: 2023-09-26 09:27:42,483: trigger_download() 'Triggering download thread to check if download needed and possible'
INFO: 2023-09-26 09:28:40,627: regular_change_thread() 'regular_change changes wallpaper'
INFO: 2023-09-26 09:28:40,628: set_wallpaper() 'Calling set_wallpaper with /home/judah/.config/variety/wallpaper/wallpapers/japan_garden.jpg'
INFO: 2023-09-26 09:28:40,628: prepare_thread() 'Prepared buffer contains 4 images'
INFO: 2023-09-26 09:28:40,629: do_set_wp() 'Calling do_set_wp with /home/judah/.config/variety/wallpaper/wallpapers/japan_garden.jpg, time: 1695745720.6296713'
INFO: 2023-09-26 09:28:40,629: prepare_thread() 'Preparing some images'
INFO: 2023-09-26 09:28:40,639: prepare_thread() 'After search prepared buffer contains 9 images'
INFO: 2023-09-26 09:28:40,661: update_indicator() 'Setting file info to: /home/judah/.config/variety/wallpaper/wallpapers/japan_garden.jpg'
INFO: 2023-09-26 09:28:40,665: list_files() 'More than 1 files in the folders, stop listing'
INFO: 2023-09-26 09:28:42,641: trigger_download() 'Triggering download thread to check if download needed and possible'
INFO: 2023-09-26 09:29:40,778: regular_change_thread() 'regular_change changes wallpaper'
INFO: 2023-09-26 09:29:40,779: set_wallpaper() 'Calling set_wallpaper with /home/judah/.config/variety/wallpaper/wallpapers/invasion_of_vryn.jpg'
INFO: 2023-09-26 09:29:40,779: prepare_thread() 'Prepared buffer contains 8 images'
INFO: 2023-09-26 09:29:40,780: do_set_wp() 'Calling do_set_wp with /home/judah/.config/variety/wallpaper/wallpapers/invasion_of_vryn.jpg, time: 1695745780.7803984'
INFO: 2023-09-26 09:29:40,809: update_indicator() 'Setting file info to: /home/judah/.config/variety/wallpaper/wallpapers/invasion_of_vryn.jpg'
INFO: 2023-09-26 09:29:40,811: list_files() 'More than 1 files in the folders, stop listing'
INFO: 2023-09-26 09:29:43,235: trigger_download() 'Triggering download thread to check if download needed and possible'
INFO: 2023-09-26 09:32:29,642: regular_change_thread() 'regular_change changes wallpaper'
INFO: 2023-09-26 09:32:29,643: set_wallpaper() 'Calling set_wallpaper with /home/judah/.config/variety/wallpaper/wallpapers/daze.jpg'
INFO: 2023-09-26 09:32:29,644: prepare_thread() 'Prepared buffer contains 7 images'
INFO: 2023-09-26 09:32:29,644: do_set_wp() 'Calling do_set_wp with /home/judah/.config/variety/wallpaper/wallpapers/daze.jpg, time: 1695745949.6446774'
INFO: 2023-09-26 09:32:29,677: update_indicator() 'Setting file info to: /home/judah/.config/variety/wallpaper/wallpapers/daze.jpg'
INFO: 2023-09-26 09:32:29,679: list_files() 'More than 1 files in the folders, stop listing'
INFO: 2023-09-26 09:32:31,645: trigger_download() 'Triggering download thread to check if download needed and possible'
INFO: 2023-09-26 09:33:29,792: regular_change_thread() 'regular_change changes wallpaper'
INFO: 2023-09-26 09:33:29,793: set_wallpaper() 'Calling set_wallpaper with /home/judah/.config/variety/wallpaper/wallpapers/space_whales.jpg'
INFO: 2023-09-26 09:33:29,793: prepare_thread() 'Prepared buffer contains 6 images'
INFO: 2023-09-26 09:33:29,794: do_set_wp() 'Calling do_set_wp with /home/judah/.config/variety/wallpaper/wallpapers/space_whales.jpg, time: 1695746009.7945292'
INFO: 2023-09-26 09:33:29,817: update_indicator() 'Setting file info to: /home/judah/.config/variety/wallpaper/wallpapers/space_whales.jpg'
INFO: 2023-09-26 09:33:29,819: list_files() 'More than 1 files in the folders, stop listing'
INFO: 2023-09-26 09:33:31,795: trigger_download() 'Triggering download thread to check if download needed and possible'
INFO: 2023-09-26 09:34:29,933: regular_change_thread() 'regular_change changes wallpaper'
INFO: 2023-09-26 09:34:29,934: set_wallpaper() 'Calling set_wallpaper with /home/judah/.config/variety/wallpaper/wallpapers/towashi.jpg'
INFO: 2023-09-26 09:34:29,935: prepare_thread() 'Prepared buffer contains 5 images'
INFO: 2023-09-26 09:34:29,935: do_set_wp() 'Calling do_set_wp with /home/judah/.config/variety/wallpaper/wallpapers/towashi.jpg, time: 1695746069.9356394'
INFO: 2023-09-26 09:34:29,964: update_indicator() 'Setting file info to: /home/judah/.config/variety/wallpaper/wallpapers/towashi.jpg'
INFO: 2023-09-26 09:34:29,968: list_files() 'More than 1 files in the folders, stop listing'
INFO: 2023-09-26 09:34:31,936: trigger_download() 'Triggering download thread to check if download needed and possible'
INFO: 2023-09-26 09:35:30,080: regular_change_thread() 'regular_change changes wallpaper'
INFO: 2023-09-26 09:35:30,080: set_wallpaper() 'Calling set_wallpaper with /home/judah/.config/variety/wallpaper/wallpapers/plantera.jpg'
INFO: 2023-09-26 09:35:30,080: prepare_thread() 'Prepared buffer contains 4 images'
INFO: 2023-09-26 09:35:30,081: prepare_thread() 'Preparing some images'
INFO: 2023-09-26 09:35:30,089: do_set_wp() 'Calling do_set_wp with /home/judah/.config/variety/wallpaper/wallpapers/plantera.jpg, time: 1695746130.089038'
INFO: 2023-09-26 09:35:30,121: prepare_thread() 'After search prepared buffer contains 9 images'
INFO: 2023-09-26 09:35:30,174: update_indicator() 'Setting file info to: /home/judah/.config/variety/wallpaper/wallpapers/plantera.jpg'
INFO: 2023-09-26 09:35:30,176: list_files() 'More than 1 files in the folders, stop listing'
INFO: 2023-09-26 09:35:32,132: trigger_download() 'Triggering download thread to check if download needed and possible'
INFO: 2023-09-26 09:36:30,351: regular_change_thread() 'regular_change changes wallpaper'
INFO: 2023-09-26 09:36:30,352: set_wallpaper() 'Calling set_wallpaper with /home/judah/.config/variety/wallpaper/wallpapers/japan_garden.jpg'
INFO: 2023-09-26 09:36:30,352: prepare_thread() 'Prepared buffer contains 8 images'
INFO: 2023-09-26 09:36:30,353: do_set_wp() 'Calling do_set_wp with /home/judah/.config/variety/wallpaper/wallpapers/japan_garden.jpg, time: 1695746190.3537958'
INFO: 2023-09-26 09:36:30,384: update_indicator() 'Setting file info to: /home/judah/.config/variety/wallpaper/wallpapers/japan_garden.jpg'
INFO: 2023-09-26 09:36:30,388: list_files() 'More than 1 files in the folders, stop listing'
INFO: 2023-09-26 09:36:32,353: trigger_download() 'Triggering download thread to check if download needed and possible'
INFO: 2023-09-26 09:37:30,501: regular_change_thread() 'regular_change changes wallpaper'
INFO: 2023-09-26 09:37:30,502: set_wallpaper() 'Calling set_wallpaper with /home/judah/.config/variety/wallpaper/wallpapers/plantera.jpg'
INFO: 2023-09-26 09:37:30,502: prepare_thread() 'Prepared buffer contains 7 images'
INFO: 2023-09-26 09:37:30,503: do_set_wp() 'Calling do_set_wp with /home/judah/.config/variety/wallpaper/wallpapers/plantera.jpg, time: 1695746250.5034735'
INFO: 2023-09-26 09:37:30,534: update_indicator() 'Setting file info to: /home/judah/.config/variety/wallpaper/wallpapers/plantera.jpg'
INFO: 2023-09-26 09:37:30,536: list_files() 'More than 1 files in the folders, stop listing'
INFO: 2023-09-26 09:37:32,504: trigger_download() 'Triggering download thread to check if download needed and possible'
INFO: 2023-09-26 09:38:30,650: regular_change_thread() 'regular_change changes wallpaper'
INFO: 2023-09-26 09:38:30,650: set_wallpaper() 'Calling set_wallpaper with /home/judah/.config/variety/wallpaper/wallpapers/towashi.jpg'
INFO: 2023-09-26 09:38:30,651: prepare_thread() 'Prepared buffer contains 6 images'
INFO: 2023-09-26 09:38:30,651: do_set_wp() 'Calling do_set_wp with /home/judah/.config/variety/wallpaper/wallpapers/towashi.jpg, time: 1695746310.651772'
INFO: 2023-09-26 09:38:30,674: update_indicator() 'Setting file info to: /home/judah/.config/variety/wallpaper/wallpapers/towashi.jpg'
INFO: 2023-09-26 09:38:30,677: list_files() 'More than 1 files in the folders, stop listing'
INFO: 2023-09-26 09:38:32,653: trigger_download() 'Triggering download thread to check if download needed and possible'
INFO: 2023-09-26 09:39:30,791: regular_change_thread() 'regular_change changes wallpaper'
INFO: 2023-09-26 09:39:30,791: set_wallpaper() 'Calling set_wallpaper with /home/judah/.config/variety/wallpaper/scifi_city.png'
INFO: 2023-09-26 09:39:30,792: prepare_thread() 'Prepared buffer contains 5 images'
INFO: 2023-09-26 09:39:30,792: do_set_wp() 'Calling do_set_wp with /home/judah/.config/variety/wallpaper/scifi_city.png, time: 1695746370.7926161'
INFO: 2023-09-26 09:39:30,818: update_indicator() 'Setting file info to: /home/judah/.config/variety/wallpaper/scifi_city.png'
INFO: 2023-09-26 09:39:30,829: list_files() 'More than 1 files in the folders, stop listing'
INFO: 2023-09-26 09:39:32,793: trigger_download() 'Triggering download thread to check if download needed and possible'
INFO: 2023-09-26 09:40:30,934: regular_change_thread() 'regular_change changes wallpaper'
INFO: 2023-09-26 09:40:30,935: set_wallpaper() 'Calling set_wallpaper with /home/judah/.config/variety/wallpaper/wallpapers/new_capenna.jpg'
INFO: 2023-09-26 09:40:30,935: prepare_thread() 'Prepared buffer contains 4 images'
INFO: 2023-09-26 09:40:30,936: do_set_wp() 'Calling do_set_wp with /home/judah/.config/variety/wallpaper/wallpapers/new_capenna.jpg, time: 1695746430.936012'
INFO: 2023-09-26 09:40:30,936: prepare_thread() 'Preparing some images'
INFO: 2023-09-26 09:40:30,946: prepare_thread() 'After search prepared buffer contains 9 images'
INFO: 2023-09-26 09:40:30,962: update_indicator() 'Setting file info to: /home/judah/.config/variety/wallpaper/wallpapers/new_capenna.jpg'
INFO: 2023-09-26 09:40:30,965: list_files() 'More than 1 files in the folders, stop listing'
INFO: 2023-09-26 09:40:32,947: trigger_download() 'Triggering download thread to check if download needed and possible'
