2024-08-18T06:50:11.033Z 0: 

----------------------------------------------
2024-08-18T06:50:11.043Z 1: Discord starting: {"releaseChannel":"stable","version":"0.0.58"}, modulepath: /home/judah/.config/discord/0.0.58/modules
2024-08-18T06:50:11.051Z 2: ✅ webContents.created web1 ""
2024-08-18T06:50:11.061Z 3: ✅ window.created win1 "discord"
2024-08-18T06:50:11.335Z 4: ✅ webContents.did-finish-load web1
2024-08-18T06:50:21.978Z 5: ✅ webContents.created web2 ""
2024-08-18T06:50:22.006Z 6: ✅ window.created win2 "Discord"
2024-08-18T06:50:24.437Z 7: ✅ webContents.did-finish-load web2
2024-08-18T06:50:24.548Z 8: window.close win1
2024-08-18T06:50:24.885Z 9: webContents.destroyed web1
2024-08-18T06:50:24.891Z 10: window.closed win1
2024-08-18T06:50:53.882Z 11: before-quit
2024-08-18T06:50:53.892Z 12: window.close win2
2024-08-18T06:50:53.906Z 13: webContents.destroyed web2
2024-08-18T06:52:37.213Z 0: 

----------------------------------------------
2024-08-18T06:52:37.238Z 1: Discord starting: {"releaseChannel":"stable","version":"0.0.58"}, modulepath: /home/judah/.config/discord/0.0.58/modules
2024-08-18T06:52:37.263Z 2: ✅ webContents.created web1 "index.html"
2024-08-18T06:52:37.266Z 3: ✅ window.created win1 "discord"
2024-08-18T06:52:37.594Z 4: ✅ webContents.created web2 ""
2024-08-18T06:52:37.619Z 5: ✅ window.created win2 "Discord"
2024-08-18T06:52:37.641Z 6: ✅ webContents.did-finish-load web1
2024-08-18T06:52:40.815Z 7: ✅ webContents.did-finish-load web2
2024-08-18T06:52:40.914Z 8: window.close win1
2024-08-18T06:52:41.012Z 9: webContents.destroyed web1
2024-08-18T06:52:41.021Z 10: window.closed win1
2024-08-18T07:07:27.651Z 11: window.close win2
2024-08-18T07:47:02.699Z 12: before-quit
2024-08-18T07:47:02.712Z 13: window.close win2
2024-08-18T07:47:02.735Z 14: webContents.destroyed web2
2024-08-18T16:34:23.517Z 0: 

----------------------------------------------
2024-08-18T16:34:23.537Z 1: Discord starting: {"releaseChannel":"stable","version":"0.0.58"}, modulepath: /home/judah/.config/discord/0.0.58/modules
2024-08-18T16:34:23.565Z 2: ✅ webContents.created web1 "index.html"
2024-08-18T16:34:23.569Z 3: ✅ window.created win1 "discord"
2024-08-18T16:34:23.827Z 4: ✅ webContents.did-finish-load web1
2024-08-18T16:34:24.258Z 5: ✅ webContents.created web2 ""
2024-08-18T16:34:24.279Z 6: ✅ window.created win2 "Discord"
2024-08-18T16:34:27.960Z 7: ✅ webContents.did-finish-load web2
2024-08-18T16:34:28.028Z 8: window.close win1
2024-08-18T16:34:28.201Z 9: webContents.destroyed web1
2024-08-18T16:34:28.211Z 10: window.closed win1
2024-08-18T19:00:21.937Z 0: 

----------------------------------------------
2024-08-18T19:00:21.968Z 1: Discord starting: {"releaseChannel":"stable","version":"0.0.58"}, modulepath: /home/judah/.config/discord/0.0.58/modules
2024-08-18T19:00:21.996Z 2: ✅ webContents.created web1 ""
2024-08-18T19:00:22.001Z 3: ✅ window.created win1 "discord"
2024-08-18T19:00:22.365Z 4: ✅ webContents.did-finish-load web1
2024-08-18T19:00:23.038Z 5: ✅ webContents.created web2 ""
2024-08-18T19:00:23.074Z 6: ✅ window.created win2 "Discord"
2024-08-18T19:00:27.680Z 7: ✅ webContents.did-finish-load web2
2024-08-18T19:00:27.782Z 8: window.close win1
2024-08-18T19:00:27.952Z 9: webContents.destroyed web1
2024-08-18T19:00:27.963Z 10: window.closed win1
2024-08-18T19:15:39.780Z 0: 

----------------------------------------------
2024-08-18T19:15:39.817Z 1: Discord starting: {"releaseChannel":"stable","version":"0.0.58"}, modulepath: /home/judah/.config/discord/0.0.58/modules
2024-08-18T19:15:39.834Z 2: ✅ webContents.created web1 "index.html"
2024-08-18T19:15:39.841Z 3: ✅ window.created win1 "discord"
2024-08-18T19:15:39.845Z 4: Wrote 357264 byte minidump to /home/judah/.config/discord/0.0.58/modules/crashlogs/2024_08_18T19_15_39_834Z-0-minidump.dmp
2024-08-18T19:15:39.849Z 5: Sentry report: {"sdk":{"name":"sentry.javascript.electron","packages":[{"name":"npm:@sentry/electron","version":"4.13.0"}],"version":"4.13.0","integrations":["SentryMinidump","ElectronBreadcrumbs","Net","MainContext","ChildProcess","OnUncaughtException","PreloadInjection","AdditionalContext","Screenshots","InboundFilters","FunctionToString","Console","Http","Undici","OnUnhandledRejection","ContextLines","LocalVariables","Modules","RequestData","LinkedErrors"]},"contexts":{"trace":{"trace_id":"fe10bd56049444c89f127510f20d02d6","span_id":"8e46b617aa86f62d"},"app":{"app_name":"discord","app_version":"0.0.58","app_start_time":"2024-08-18T19:00:20.585Z"},"os":{"kernel_version":"6.1.96","name":"Ubuntu Linux","version":"\"23.11\""},"browser":{"name":"Chrome"},"chrome":{"name":"Chrome","type":"runtime","version":"124.0.6367.243"},"device":{"arch":"x64","family":"Desktop","language":"en-US","screen_density":1,"screen_resolution":"1920x1080","memory_size":8079581184,"free_memory":5010157568,"processor_count":4,"cpu_description":"Intel(R) Core(TM) i5-7300U CPU @ 2.60GHz","processor_frequency":3475},"node":{"name":"Node","type":"runtime","version":"20.14.0"},"runtime":{"name":"Electron","version":"30.1.0"}},"environment":"stable","release":"0.0.58","user":{"ip_address":"{{auto}}","id":"594701512127807508","username":"faunux","email":"judahpspiegel@gmail.com"},"tags":{"event.origin":"electron","event.environment":"native","event.process":"browser","event_type":"native","nativeBuildNumber":"null"},"level":"fatal","platform":"native","breadcrumbs":[{"timestamp":1724007621.266,"category":"console","level":"log","message":"Discord 0.0.58"},{"timestamp":1724007621.456,"category":"electron","message":"app.will-finish-launching","type":"ui"},{"timestamp":1724007621.464,"category":"electron","message":"app.ready","type":"ui"},{"timestamp":1724007621.509,"category":"electron","message":"app.session-created","type":"ui"},{"timestamp":1724007621.527,"category":"console","level":"log","message":"Starting app."},{"timestamp":1724007621.538,"category":"console","level":"log","message":"Starting updater."},{"timestamp":1724007621.542,"category":"console","level":"log","message":"2024-08-18T19:00:21.542Z [Modules] Modules initializing"},{"timestamp":1724007621.543,"category":"console","level":"log","message":"2024-08-18T19:00:21.543Z [Modules] Distribution: remote"},{"timestamp":1724007621.544,"category":"console","level":"log","message":"2024-08-18T19:00:21.544Z [Modules] Host updates: disabled"},{"timestamp":1724007621.545,"category":"console","level":"log","message":"2024-08-18T19:00:21.545Z [Modules] Module updates: enabled"},{"timestamp":1724007621.546,"category":"console","level":"log","message":"2024-08-18T19:00:21.546Z [Modules] Module install path: /home/judah/.config/discord/0.0.58/modules"},{"timestamp":1724007621.546,"category":"console","level":"log","message":"2024-08-18T19:00:21.546Z [Modules] Module installed file path: /home/judah/.config/discord/0.0.58/modules/installed.json"},{"timestamp":1724007621.546,"category":"console","level":"log","message":"2024-08-18T19:00:21.546Z [Modules] Module download path: /home/judah/.config/discord/0.0.58/modules/pending"},{"timestamp":1724007621.554,"category":"console","level":"log","message":"splashScreen.initSplash(false)"},{"timestamp":1724007621.554,"category":"console","level":"log","message":"CDM component API found"},{"timestamp":1724007621.628,"category":"electron","message":"app.web-contents-created","type":"ui"},{"timestamp":1724007621.631,"category":"electron","message":"app.browser-window-created","type":"ui"},{"timestamp":1724007621.937,"category":"console","level":"log","message":"blackbox: 2024-08-18T19:00:21.937Z 0 \n\n----------------------------------------------"},{"timestamp":1724007621.939,"category":"console","level":"log","message":"CDM work timed out"},{"timestamp":1724007621.956,"category":"electron","message":"app.gpu-info-update","type":"ui"},{"timestamp":1724007621.968,"category":"console","level":"log","message":"blackbox: 2024-08-18T19:00:21.968Z 1 Discord starting: {\"releaseChannel\":\"stable\",\"version\":\"0.0.58\"}, modulepath: /home/judah/.config/discord/0.0.58/modules"},{"timestamp":1724007621.996,"category":"console","level":"log","message":"blackbox: 2024-08-18T19:00:21.996Z 2 ✅ webContents.created web1 \"\""},{"timestamp":1724007622.001,"category":"console","level":"log","message":"blackbox: 2024-08-18T19:00:22.001Z 3 ✅ window.created win1 \"discord\""},{"timestamp":1724007622.228,"category":"console","level":"log","message":"splashScreen: SPLASH_SCREEN_READY"},{"timestamp":1724007622.231,"category":"console","level":"log","message":"splashScreen.webContentsSend: SPLASH_SCREEN_QUOTE SPLASH_SCREEN_QUOTE [ 'Hold Tight — Loading Discord' ]"},{"timestamp":1724007622.233,"category":"electron","message":"window.show","type":"ui","data":{"id":1,"url":"app:///app_bootstrap/splash/index.html"}},{"timestamp":1724007622.233,"category":"console","level":"log","message":"2024-08-18T19:00:22.233Z [Modules] No updates to install"},{"timestamp":1724007622.234,"category":"console","level":"log","message":"splashScreen: no-pending-updates"},{"timestamp":1724007622.234,"category":"console","level":"log","message":"2024-08-18T19:00:22.234Z [Modules] Host is up to date."},{"timestamp":1724007622.235,"category":"console","level":"log","message":"2024-08-18T19:00:22.235Z [Modules] Checking for module updates at https://discord.com/api/modules/stable/versions.json"},{"timestamp":1724007622.235,"category":"console","level":"log","message":"splashScreen: checking-for-updates"},{"timestamp":1724007622.236,"category":"console","level":"log","message":"splashScreen.updateSplashState checking-for-updates checking-for-updates {}"},{"timestamp":1724007622.236,"category":"console","level":"log","message":"splashScreen.webContentsSend: SPLASH_UPDATE_STATE SPLASH_UPDATE_STATE [ { status: 'checking-for-updates' } ]"},{"timestamp":1724007622.247,"category":"electron","message":"window.focus","type":"ui","data":{"id":1,"url":"app:///app_bootstrap/splash/index.html"}},{"timestamp":1724007622.247,"category":"electron","message":"app.browser-window-focus","type":"ui"},{"timestamp":1724007622.321,"category":"electron","message":"renderer.dom-ready","type":"ui","data":{"id":1,"url":"app:///app_bootstrap/splash/index.html"}},{"timestamp":1724007622.367,"category":"console","level":"log","message":"blackbox: 2024-08-18T19:00:22.365Z 4 ✅ webContents.did-finish-load web1"},{"timestamp":1724007622.745,"type":"http","category":"electron.net","data":{"url":"https://discord.com/api/modules/stable/versions.json?host_version=0.0.58&platform=linux&_=5746692","method":"GET","status_code":200}},{"timestamp":1724007622.75,"category":"console","level":"log","message":"2024-08-18T19:00:22.749Z [Modules] No module updates available."},{"timestamp":1724007622.751,"category":"console","level":"log","message":"splashScreen: update-check-finished true 0 false"},{"timestamp":1724007622.752,"category":"console","level":"log","message":"CDM completed with status (old updater): undefined"},{"timestamp":1724007622.753,"category":"console","level":"log","message":"splashScreen.launchMainWindow: false"},{"timestamp":1724007622.872,"category":"electron","message":"powerMonitor.newListener","type":"ui"},{"timestamp":1724007622.872,"category":"electron","message":"powerMonitor.newListener","type":"ui"},{"timestamp":1724007622.872,"category":"electron","message":"powerMonitor.newListener","type":"ui"},{"timestamp":1724007622.872,"category":"electron","message":"powerMonitor.newListener","type":"ui"},{"timestamp":1724007622.872,"category":"electron","message":"powerMonitor.newListener","type":"ui"},{"timestamp":1724007622.959,"category":"electron","message":"app.web-contents-created","type":"ui"},{"timestamp":1724007622.968,"category":"electron","message":"app.browser-window-created","type":"ui"},{"timestamp":1724007623.022,"category":"console","level":"log","message":"Optional module ./ElectronTestRpc was not included."},{"timestamp":1724007623.038,"category":"console","level":"log","message":"splashScreen.updateSplashState launching launching {}"},{"timestamp":1724007623.038,"category":"console","level":"log","message":"splashScreen.webContentsSend: SPLASH_UPDATE_STATE SPLASH_UPDATE_STATE [ { status: 'launching' } ]"},{"timestamp":1724007623.038,"category":"console","level":"log","message":"blackbox: 2024-08-18T19:00:23.038Z 5 ✅ webContents.created web2 \"\""},{"timestamp":1724007623.074,"category":"console","level":"log","message":"blackbox: 2024-08-18T19:00:23.074Z 6 ✅ window.created win2 \"Discord\""},{"timestamp":1724007624.6,"category":"console","data":{"arguments":["Initializing voice engine with audio subsystem: false"],"logger":"console"},"level":"log","message":"Initializing voice engine with audio subsystem: false"},{"timestamp":1724007624.801,"category":"console","level":"log","message":"legacyModuleUpdater: installed-module discord_game_utils 1 1 true"},{"timestamp":1724007624.803,"category":"console","level":"log","message":"legacyModuleUpdater: installed-module discord_krisp 1 1 true"},{"timestamp":1724007625.036,"category":"console","level":"log","message":"mainScreen.UpdaterEvents: UPDATER_HISTORY_QUERY_AND_TRUNCATE"},{"timestamp":1724007625.058,"category":"electron","message":"renderer.dom-ready","type":"ui","data":{"id":2,"url":"https://discord.com/app?_=1724007622860"}},{"timestamp":1724007626.048,"category":"console","data":{"arguments":["Initializing krisp module"],"logger":"console"},"level":"info","message":"Initializing krisp module"},{"timestamp":1724007626.619,"category":"console","level":"log","message":"mainScreen.UpdaterEvents: UPDATER_HISTORY_QUERY_AND_TRUNCATE"},{"timestamp":1724007626.655,"category":"console","level":"log","message":"mainScreen.UpdaterEvents: UPDATER_HISTORY_QUERY_AND_TRUNCATE"},{"timestamp":1724007627.442,"category":"console","level":"log","message":"mainScreen.UpdaterEvents: CHECK_FOR_UPDATES UPDATE_NOT_AVAILABLE"},{"timestamp":1724007627.442,"category":"console","level":"log","message":"2024-08-18T19:00:27.442Z [Modules] Host is up to date."},{"timestamp":1724007627.442,"category":"console","level":"log","message":"2024-08-18T19:00:27.442Z [Modules] Checking for module updates at https://discord.com/api/modules/stable/versions.json"},{"timestamp":1724007627.447,"type":"http","category":"electron.net","data":{"url":"https://discord.com/api/modules/stable/versions.json?host_version=0.0.58&platform=linux&_=5746692","method":"GET","status_code":200}},{"timestamp":1724007627.45,"category":"console","level":"log","message":"2024-08-18T19:00:27.450Z [Modules] No module updates available."},{"timestamp":1724007627.451,"category":"console","level":"log","message":"legacyModuleUpdater: update-check-finished"},{"timestamp":1724007627.6,"category":"console","level":"log","message":"legacyModuleUpdater: installed-module discord_rpc 1 1 true"},{"timestamp":1724007627.677,"category":"console","level":"log","message":"mainScreen.on(did-finish-load) false false"},{"timestamp":1724007627.677,"category":"console","level":"log","message":"splashScreen.pageReady"},{"timestamp":1724007627.68,"category":"electron","message":"window.show","type":"ui","data":{"id":2,"url":"https://discord.com/app?_=1724007622860","title":""}},{"timestamp":1724007627.68,"category":"console","level":"log","message":"blackbox: 2024-08-18T19:00:27.680Z 7 ✅ webContents.did-finish-load web2"},{"timestamp":1724007627.702,"category":"console","level":"log","message":"mainScreen.UpdaterEvents: UPDATER_HISTORY_QUERY_AND_TRUNCATE"},{"timestamp":1724007627.782,"category":"electron","message":"window.hide","type":"ui","data":{"id":1,"url":"app:///app_bootstrap/splash/index.html"}},{"timestamp":1724007627.782,"category":"electron","message":"window.close","type":"ui","data":{"id":1,"url":"app:///app_bootstrap/splash/index.html"}},{"timestamp":1724007627.782,"category":"console","level":"log","message":"blackbox: 2024-08-18T19:00:27.782Z 8 window.close win1"},{"timestamp":1724007627.801,"category":"electron","message":"window.blur","type":"ui","data":{"id":1,"url":"app:///app_bootstrap/splash/index.html"}},{"timestamp":1724007627.801,"category":"electron","message":"app.browser-window-blur","type":"ui"},{"timestamp":1724007627.802,"category":"electron","message":"renderer.destroyed","type":"ui","data":{"id":1,"url":"app:///app_bootstrap/splash/index.html"}},{"timestamp":1724007627.926,"category":"electron","message":"window.closed","type":"ui","data":{"id":1,"url":"app:///app_bootstrap/splash/index.html"}},{"timestamp":1724007627.949,"category":"electron","message":"window.focus","type":"ui","data":{"id":2,"url":"https://discord.com/app?_=1724007622860","title":""}},{"timestamp":1724007627.949,"category":"electron","message":"app.browser-window-focus","type":"ui"},{"timestamp":1724007627.952,"category":"console","level":"log","message":"blackbox: 2024-08-18T19:00:27.952Z 9 webContents.destroyed web1"},{"timestamp":1724007627.963,"category":"console","level":"log","message":"blackbox: 2024-08-18T19:00:27.963Z 10 window.closed win1"},{"timestamp":1724007638.301,"category":"ui.click","message":"div.appAsidePanelWrapper_bd26cc > div.notAppAsidePanel_bd26cc"},{"timestamp":1724007640.882,"category":"ui.click","message":"div.nameAndDecorators_ec8679 > div.name_ec8679 > div.overflow_a82120"},{"timestamp":1724007641.279,"category":"ui.click","message":"div.layout_ec8679 > div.content_ec8679 > div.nameAndDecorators_ec8679"},{"timestamp":1724007643.425,"category":"console","level":"log","message":"legacyModuleUpdater: installed-module discord_spellcheck 1 1 true"},{"timestamp":1724007643.426,"category":"console","level":"log","message":"mainScreen.UpdaterEvents: UPDATER_HISTORY_QUERY_AND_TRUNCATE"},{"timestamp":1724007644.286,"category":"ui.click","message":"div.contents_dd4f85.attachButtonInner_f298d4 > svg > path"},{"timestamp":1724007645.555,"category":"electron","message":"window.blur","type":"ui","data":{"id":2,"url":"https://discord.com/channels/@me/1252833447135936625"}},{"timestamp":1724007645.555,"category":"electron","message":"app.browser-window-blur","type":"ui"},{"timestamp":1724007660.55,"category":"electron","message":"window.focus","type":"ui","data":{"id":2,"url":"https://discord.com/channels/@me/1252833447135936625"}},{"timestamp":1724007660.55,"category":"electron","message":"app.browser-window-focus","type":"ui"},{"timestamp":1724007662.851,"category":"electron","message":"window.blur","type":"ui","data":{"id":2,"url":"https://discord.com/channels/@me/1252833447135936625"}},{"timestamp":1724007662.851,"category":"electron","message":"app.browser-window-blur","type":"ui"},{"timestamp":1724008539.417,"category":"console","level":"log","message":"Discord 0.0.58"},{"timestamp":1724008539.502,"category":"electron","message":"app.will-finish-launching","type":"ui"},{"timestamp":1724008539.506,"category":"electron","message":"app.ready","type":"ui"},{"timestamp":1724008539.516,"category":"electron","message":"app.session-created","type":"ui"},{"timestamp":1724008539.523,"category":"console","level":"log","message":"Starting app."},{"timestamp":1724008539.527,"category":"console","level":"log","message":"Starting updater."},{"timestamp":1724008539.529,"category":"console","level":"log","message":"2024-08-18T19:15:39.529Z [Modules] Modules initializing"},{"timestamp":1724008539.53,"category":"console","level":"log","message":"2024-08-18T19:15:39.530Z [Modules] Distribution: remote"},{"timestamp":1724008539.53,"category":"console","level":"log","message":"2024-08-18T19:15:39.530Z [Modules] Host updates: disabled"},{"timestamp":1724008539.53,"category":"console","level":"log","message":"2024-08-18T19:15:39.530Z [Modules] Module updates: enabled"},{"timestamp":1724008539.531,"category":"console","level":"log","message":"2024-08-18T19:15:39.531Z [Modules] Module install path: /home/judah/.config/discord/0.0.58/modules"},{"timestamp":1724008539.531,"category":"console","level":"log","message":"2024-08-18T19:15:39.531Z [Modules] Module installed file path: /home/judah/.config/discord/0.0.58/modules/installed.json"},{"timestamp":1724008539.531,"category":"console","level":"log","message":"2024-08-18T19:15:39.531Z [Modules] Module download path: /home/judah/.config/discord/0.0.58/modules/pending"},{"timestamp":1724008539.535,"category":"console","level":"log","message":"splashScreen.initSplash(false)"},{"timestamp":1724008539.536,"category":"console","level":"log","message":"CDM component API found"},{"timestamp":1724008539.583,"category":"electron","message":"app.web-contents-created","type":"ui"},{"timestamp":1724008539.586,"category":"electron","message":"app.browser-window-created","type":"ui"},{"timestamp":1724008539.78,"category":"console","level":"log","message":"blackbox: 2024-08-18T19:15:39.780Z 0 \n\n----------------------------------------------"},{"timestamp":1724008539.782,"category":"console","level":"log","message":"CDM work timed out"},{"timestamp":1724008539.792,"category":"electron","message":"app.gpu-info-update","type":"ui"},{"timestamp":1724008539.417,"category":"console","level":"log","message":"Discord 0.0.58"},{"timestamp":1724008539.502,"category":"electron","message":"app.will-finish-launching","type":"ui"},{"timestamp":1724008539.506,"category":"electron","message":"app.ready","type":"ui"},{"timestamp":1724008539.516,"category":"electron","message":"app.session-created","type":"ui"},{"timestamp":1724008539.523,"category":"console","level":"log","message":"Starting app."},{"timestamp":1724008539.527,"category":"console","level":"log","message":"Starting updater."},{"timestamp":1724008539.529,"category":"console","level":"log","message":"2024-08-18T19:15:39.529Z [Modules] Modules initializing"},{"timestamp":1724008539.53,"category":"console","level":"log","message":"2024-08-18T19:15:39.530Z [Modules] Distribution: remote"},{"timestamp":1724008539.53,"category":"console","level":"log","message":"2024-08-18T19:15:39.530Z [Modules] Host updates: disabled"},{"timestamp":1724008539.53,"category":"console","level":"log","message":"2024-08-18T19:15:39.530Z [Modules] Module updates: enabled"},{"timestamp":1724008539.531,"category":"console","level":"log","message":"2024-08-18T19:15:39.531Z [Modules] Module install path: /home/judah/.config/discord/0.0.58/modules"},{"timestamp":1724008539.531,"category":"console","level":"log","message":"2024-08-18T19:15:39.531Z [Modules] Module installed file path: /home/judah/.config/discord/0.0.58/modules/installed.json"},{"timestamp":1724008539.531,"category":"console","level":"log","message":"2024-08-18T19:15:39.531Z [Modules] Module download path: /home/judah/.config/discord/0.0.58/modules/pending"},{"timestamp":1724008539.535,"category":"console","level":"log","message":"splashScreen.initSplash(false)"},{"timestamp":1724008539.536,"category":"console","level":"log","message":"CDM component API found"},{"timestamp":1724008539.583,"category":"electron","message":"app.web-contents-created","type":"ui"},{"timestamp":1724008539.586,"category":"electron","message":"app.browser-window-created","type":"ui"},{"timestamp":1724008539.78,"category":"console","level":"log","message":"blackbox: 2024-08-18T19:15:39.780Z 0 \n\n----------------------------------------------"},{"timestamp":1724008539.782,"category":"console","level":"log","message":"CDM work timed out"},{"timestamp":1724008539.792,"category":"electron","message":"app.gpu-info-update","type":"ui"},{"timestamp":1724008539.817,"category":"console","level":"log","message":"blackbox: 2024-08-18T19:15:39.817Z 1 Discord starting: {\"releaseChannel\":\"stable\",\"version\":\"0.0.58\"}, modulepath: /home/judah/.config/discord/0.0.58/modules"}],"modules":{"mkdirp":"0.5.5","rimraf":"2.7.1","glob":"7.1.7","fs.realpath":"1.0.0","minimatch":"3.1.2","brace-expansion":"1.1.11","concat-map":"0.0.1","balanced-match":"1.0.2","inherits":"2.0.4","path-is-absolute":"1.0.1","inflight":"1.0.6","wrappy":"1.0.2","once":"1.4.0","yauzl":"2.10.0","fd-slicer":"1.1.0","pend":"1.2.0","buffer-crc32":"0.2.13","request":"2.88.0","extend":"3.0.2","tough-cookie":"2.4.3","psl":"1.8.0","json-stringify-safe":"5.0.1","safe-buffer":"5.2.1","aws-sign2":"0.7.0","aws4":"1.11.0","http-signature":"1.2.0","assert-plus":"1.0.0","sshpk":"1.16.1","safer-buffer":"2.1.2","asn1":"0.2.4","ecc-jsbn":"0.1.2","jsbn":"0.1.1","tweetnacl":"0.14.5","jsprim":"1.4.1","extsprintf":"1.3.0","verror":"1.10.0","core-util-is":"1.0.2","json-schema":"0.2.3","mime-types":"2.1.32","mime-db":"1.49.0","caseless":"0.12.0","forever-agent":"0.6.1","form-data":"2.3.3","combined-stream":"1.0.8","delayed-stream":"1.0.0","asynckit":"0.4.0","isstream":"0.1.2","is-typedarray":"1.0.0","qs":"6.5.3","har-validator":"5.1.5","ajv":"6.12.6","uri-js":"4.4.1","fast-deep-equal":"3.1.3","json-schema-traverse":"0.4.1","fast-json-stable-stringify":"2.1.0","har-schema":"2.0.0","uuid":"3.4.0","oauth-sign":"0.9.0","tunnel-agent":"0.6.0","performance-now":"2.1.0","arch":"2.2.0","https-proxy-agent":"5.0.1","ms":"2.1.2","agent-base":"6.0.2","lru_map":"0.3.3","cookie":"0.5.0","deepmerge":"4.3.0"},"event_id":"6e861b91f9e0463f9a0a5806fe2b50ed","timestamp":1724008539.821,"extra":{"release_channel":"stable","sentry":{"environment":"stable","release":"0.0.58"},"wm":"GNOME,gnome"}}
2024-08-18T19:15:40.014Z 6: ✅ webContents.did-finish-load web1
2024-08-18T19:15:40.404Z 7: ✅ webContents.created web2 ""
2024-08-18T19:15:40.426Z 8: ✅ window.created win2 "Discord"
2024-08-18T19:15:43.305Z 9: ✅ webContents.did-finish-load web2
2024-08-18T19:15:43.405Z 10: window.close win1
2024-08-18T19:15:43.518Z 11: webContents.destroyed web1
2024-08-18T19:15:43.529Z 12: window.closed win1
2024-08-18T21:08:01.564Z 0: 

----------------------------------------------
2024-08-18T21:08:01.586Z 1: Discord starting: {"releaseChannel":"stable","version":"0.0.58"}, modulepath: /home/judah/.config/discord/0.0.58/modules
2024-08-18T21:08:01.610Z 2: ✅ webContents.created web1 ""
2024-08-18T21:08:01.615Z 3: ✅ window.created win1 "discord"
2024-08-18T21:08:01.924Z 4: ✅ webContents.did-finish-load web1
2024-08-18T21:08:02.433Z 5: ✅ webContents.created web2 ""
2024-08-18T21:08:02.459Z 6: ✅ window.created win2 "Discord"
2024-08-18T21:08:06.103Z 7: ✅ webContents.did-finish-load web2
2024-08-18T21:08:06.205Z 8: window.close win1
2024-08-18T21:08:06.338Z 9: webContents.destroyed web1
2024-08-18T21:08:06.349Z 10: window.closed win1
2024-08-18T21:14:05.312Z 0: 

----------------------------------------------
2024-08-18T21:14:05.506Z 1: Discord starting: {"releaseChannel":"stable","version":"0.0.58"}, modulepath: /home/judah/.config/discord/0.0.58/modules
2024-08-18T21:14:05.531Z 2: ✅ webContents.created web1 "index.html"
2024-08-18T21:14:05.535Z 3: ✅ window.created win1 "discord"
2024-08-18T21:14:05.728Z 4: ✅ webContents.did-finish-load web1
2024-08-18T21:14:06.172Z 5: ✅ webContents.created web2 ""
2024-08-18T21:14:06.198Z 6: ✅ window.created win2 "Discord"
2024-08-18T21:14:09.172Z 7: ✅ webContents.did-finish-load web2
2024-08-18T21:14:09.275Z 8: window.close win1
2024-08-18T21:14:09.334Z 9: webContents.destroyed web1
2024-08-18T21:14:09.344Z 10: window.closed win1
2024-08-18T21:14:53.496Z 0: 

----------------------------------------------
2024-08-18T21:14:53.728Z 1: Discord starting: {"releaseChannel":"stable","version":"0.0.58"}, modulepath: /home/judah/.config/discord/0.0.58/modules
2024-08-18T21:14:53.763Z 2: ✅ webContents.created web1 "index.html"
2024-08-18T21:14:53.768Z 3: ✅ window.created win1 "discord"
2024-08-18T21:14:54.063Z 4: ✅ webContents.created web2 ""
2024-08-18T21:14:54.085Z 5: ✅ window.created win2 "Discord"
2024-08-18T21:14:54.102Z 6: ✅ webContents.did-finish-load web1
2024-08-18T21:14:57.304Z 7: ✅ webContents.did-finish-load web2
2024-08-18T21:14:57.393Z 8: window.close win1
2024-08-18T21:14:57.441Z 9: webContents.destroyed web1
2024-08-18T21:14:57.445Z 10: window.closed win1
2024-08-18T23:18:31.181Z 0: 

----------------------------------------------
2024-08-18T23:18:31.200Z 1: Discord starting: {"releaseChannel":"stable","version":"0.0.58"}, modulepath: /home/judah/.config/discord/0.0.58/modules
2024-08-18T23:18:31.220Z 2: ✅ webContents.created web1 ""
2024-08-18T23:18:31.225Z 3: ✅ window.created win1 "discord"
2024-08-18T23:18:31.552Z 4: ✅ webContents.did-finish-load web1
2024-08-18T23:18:31.954Z 5: ✅ webContents.created web2 ""
2024-08-18T23:18:31.975Z 6: ✅ window.created win2 "Discord"
2024-08-18T23:18:35.282Z 7: ✅ webContents.did-finish-load web2
2024-08-18T23:18:35.385Z 8: window.close win1
2024-08-18T23:18:35.472Z 9: webContents.destroyed web1
2024-08-18T23:18:35.483Z 10: window.closed win1
2024-08-19T19:38:39.443Z 0: 

----------------------------------------------
2024-08-19T19:38:39.462Z 1: Discord starting: {"releaseChannel":"stable","version":"0.0.58"}, modulepath: /home/judah/.config/discord/0.0.58/modules
2024-08-19T19:38:39.480Z 2: ✅ webContents.created web1 ""
2024-08-19T19:38:39.485Z 3: ✅ window.created win1 "discord"
2024-08-19T19:38:39.795Z 4: ✅ webContents.did-finish-load web1
2024-08-19T19:38:40.235Z 5: ✅ webContents.created web2 ""
2024-08-19T19:38:40.254Z 6: ✅ window.created win2 "Discord"
2024-08-19T19:38:44.141Z 7: ✅ webContents.did-finish-load web2
2024-08-19T19:38:44.243Z 8: window.close win1
2024-08-19T19:38:44.430Z 9: webContents.destroyed web1
2024-08-19T19:38:44.440Z 10: window.closed win1
2024-08-19T19:39:16.123Z 11: before-quit
2024-08-19T19:39:16.135Z 12: window.close win2
2024-08-19T19:39:16.151Z 13: webContents.destroyed web2
2024-08-19T23:03:23.961Z 0: 

----------------------------------------------
2024-08-19T23:03:23.978Z 1: Discord starting: {"releaseChannel":"stable","version":"0.0.58"}, modulepath: /home/judah/.config/discord/0.0.58/modules
2024-08-19T23:03:24.001Z 2: ✅ webContents.created web1 "index.html"
2024-08-19T23:03:24.004Z 3: ✅ window.created win1 "discord"
2024-08-19T23:03:24.212Z 4: ✅ webContents.did-finish-load web1
2024-08-19T23:03:24.668Z 5: ✅ webContents.created web2 ""
2024-08-19T23:03:24.686Z 6: ✅ window.created win2 "Discord"
2024-08-19T23:03:28.696Z 7: ✅ webContents.did-finish-load web2
2024-08-19T23:03:28.796Z 8: window.close win1
2024-08-19T23:03:28.889Z 9: webContents.destroyed web1
2024-08-19T23:03:28.895Z 10: window.closed win1
2024-08-19T23:04:01.271Z 11: before-quit
2024-08-19T23:04:01.288Z 12: window.close win2
2024-08-19T23:04:01.295Z 13: webContents.destroyed web2
2024-08-19T23:05:47.870Z 0: 

----------------------------------------------
2024-08-19T23:05:47.893Z 1: Discord starting: {"releaseChannel":"stable","version":"0.0.58"}, modulepath: /home/judah/.config/discord/0.0.58/modules
2024-08-19T23:05:47.923Z 2: ✅ webContents.created web1 "index.html"
2024-08-19T23:05:47.927Z 3: ✅ window.created win1 "discord"
2024-08-19T23:05:48.216Z 4: ✅ webContents.did-finish-load web1
2024-08-19T23:05:49.008Z 5: ✅ webContents.created web2 ""
2024-08-19T23:05:49.023Z 6: ✅ window.created win2 "Discord"
2024-08-19T23:05:51.303Z 7: ✅ webContents.did-finish-load web2
2024-08-19T23:05:51.409Z 8: window.close win1
2024-08-19T23:05:51.480Z 9: webContents.destroyed web1
2024-08-19T23:05:51.485Z 10: window.closed win1
2024-08-20T00:50:31.688Z 11: before-quit
2024-08-20T00:50:31.706Z 12: window.close win2
2024-08-20T00:50:31.713Z 13: webContents.destroyed web2
2024-08-20T01:18:50.152Z 0: 

----------------------------------------------
2024-08-20T01:18:50.188Z 1: Discord starting: {"releaseChannel":"stable","version":"0.0.58"}, modulepath: /home/judah/.config/discord/0.0.58/modules
2024-08-20T01:18:50.224Z 2: ✅ webContents.created web1 "index.html"
2024-08-20T01:18:50.229Z 3: ✅ window.created win1 "discord"
2024-08-20T01:18:50.575Z 4: ✅ webContents.did-finish-load web1
2024-08-20T01:18:51.242Z 5: ✅ webContents.created web2 ""
2024-08-20T01:18:51.291Z 6: ✅ window.created win2 "Discord"
2024-08-20T01:18:57.664Z 7: ✅ webContents.did-finish-load web2
2024-08-20T01:18:57.760Z 8: window.close win1
2024-08-20T01:18:57.905Z 9: webContents.destroyed web1
2024-08-20T01:18:57.921Z 10: window.closed win1
2024-08-20T03:31:44.726Z 0: 

----------------------------------------------
2024-08-20T03:31:44.758Z 1: Discord starting: {"releaseChannel":"stable","version":"0.0.58"}, modulepath: /home/judah/.config/discord/0.0.58/modules
2024-08-20T03:31:44.779Z 2: ✅ webContents.created web1 ""
2024-08-20T03:31:44.786Z 3: ✅ window.created win1 "discord"
2024-08-20T03:31:45.206Z 4: ✅ webContents.did-finish-load web1
2024-08-20T03:31:45.873Z 5: ✅ webContents.created web2 ""
2024-08-20T03:31:45.904Z 6: ✅ window.created win2 "Discord"
2024-08-20T03:31:50.582Z 7: ✅ webContents.did-finish-load web2
2024-08-20T03:31:50.682Z 8: window.close win1
2024-08-20T03:31:50.870Z 9: webContents.destroyed web1
2024-08-20T03:31:50.880Z 10: window.closed win1
2024-08-20T04:37:49.348Z 11: before-quit
2024-08-20T04:37:49.361Z 12: window.close win2
2024-08-20T04:37:49.419Z 13: webContents.destroyed web2
2024-08-20T05:26:02.958Z 0: 

----------------------------------------------
2024-08-20T05:26:02.992Z 1: Discord starting: {"releaseChannel":"stable","version":"0.0.58"}, modulepath: /home/judah/.config/discord/0.0.58/modules
2024-08-20T05:26:02.999Z 2: ✅ webContents.created web1 "index.html"
2024-08-20T05:26:03.003Z 3: ✅ window.created win1 "discord"
2024-08-20T05:26:03.197Z 4: ✅ webContents.did-finish-load web1
2024-08-20T05:26:03.646Z 5: ✅ webContents.created web2 ""
2024-08-20T05:26:03.665Z 6: ✅ window.created win2 "Discord"
2024-08-20T05:26:05.968Z 7: ✅ webContents.did-finish-load web2
2024-08-20T05:26:06.082Z 8: window.close win1
2024-08-20T05:26:06.160Z 9: webContents.destroyed web1
2024-08-20T05:26:06.168Z 10: window.closed win1
2024-08-20T14:42:34.462Z 0: 

----------------------------------------------
2024-08-20T14:42:34.484Z 1: Discord starting: {"releaseChannel":"stable","version":"0.0.58"}, modulepath: /home/judah/.config/discord/0.0.58/modules
2024-08-20T14:42:34.503Z 2: ✅ webContents.created web1 ""
2024-08-20T14:42:34.509Z 3: ✅ window.created win1 "discord"
2024-08-20T14:42:34.792Z 4: ✅ webContents.did-finish-load web1
2024-08-20T14:42:35.307Z 5: ✅ webContents.created web2 ""
2024-08-20T14:42:35.327Z 6: ✅ window.created win2 "Discord"
2024-08-20T14:42:38.354Z 7: ✅ webContents.did-finish-load web2
2024-08-20T14:42:38.456Z 8: window.close win1
2024-08-20T14:42:38.684Z 9: webContents.destroyed web1
2024-08-20T14:42:38.695Z 10: window.closed win1
2024-08-21T01:06:09.352Z 0: 

----------------------------------------------
2024-08-21T01:06:09.373Z 1: Discord starting: {"releaseChannel":"stable","version":"0.0.58"}, modulepath: /home/judah/.config/discord/0.0.58/modules
2024-08-21T01:06:09.394Z 2: ✅ webContents.created web1 ""
2024-08-21T01:06:09.399Z 3: ✅ window.created win1 "discord"
2024-08-21T01:06:09.681Z 4: ✅ webContents.did-finish-load web1
2024-08-21T01:06:10.234Z 5: ✅ webContents.created web2 ""
2024-08-21T01:06:10.253Z 6: ✅ window.created win2 "Discord"
2024-08-21T01:06:14.261Z 7: ✅ webContents.did-finish-load web2
2024-08-21T01:06:14.366Z 8: window.close win1
2024-08-21T01:06:14.685Z 9: webContents.destroyed web1
2024-08-21T01:06:14.696Z 10: window.closed win1
2024-08-21T01:08:05.207Z 11: window.close win2
2024-08-21T01:08:28.265Z 0: 

----------------------------------------------
2024-08-21T01:08:28.289Z 1: Discord starting: {"releaseChannel":"stable","version":"0.0.58"}, modulepath: /home/judah/.config/discord/0.0.58/modules
2024-08-21T01:08:50.262Z 12: before-quit
2024-08-21T01:08:50.273Z 13: window.close win2
2024-08-21T01:08:50.281Z 14: webContents.destroyed web2
2024-08-21T01:36:54.572Z 0: 

----------------------------------------------
2024-08-21T01:36:54.609Z 1: Discord starting: {"releaseChannel":"stable","version":"0.0.58"}, modulepath: /home/judah/.config/discord/0.0.58/modules
2024-08-21T01:36:54.614Z 2: ✅ webContents.created web1 "index.html"
2024-08-21T01:36:54.617Z 3: ✅ window.created win1 "discord"
2024-08-21T01:36:54.810Z 4: ✅ webContents.did-finish-load web1
2024-08-21T01:36:55.238Z 5: ✅ webContents.created web2 ""
2024-08-21T01:36:55.255Z 6: ✅ window.created win2 "Discord"
2024-08-21T01:36:58.370Z 7: ✅ webContents.did-finish-load web2
2024-08-21T01:36:58.477Z 8: window.close win1
2024-08-21T01:36:58.538Z 9: webContents.destroyed web1
2024-08-21T01:36:58.543Z 10: window.closed win1
2024-08-21T01:37:23.948Z 11: window.close win2
2024-08-21T01:38:19.615Z 0: 

----------------------------------------------
2024-08-21T01:38:19.657Z 1: Discord starting: {"releaseChannel":"stable","version":"0.0.58"}, modulepath: /home/judah/.config/discord/0.0.58/modules
2024-08-21T20:12:31.374Z 0: 

----------------------------------------------
2024-08-21T20:12:31.394Z 1: Discord starting: {"releaseChannel":"stable","version":"0.0.58"}, modulepath: /home/judah/.config/discord/0.0.58/modules
2024-08-21T20:12:31.412Z 2: ✅ webContents.created web1 ""
2024-08-21T20:12:31.416Z 3: ✅ window.created win1 "discord"
2024-08-21T20:12:31.726Z 4: ✅ webContents.did-finish-load web1
2024-08-21T20:12:32.188Z 5: ✅ webContents.created web2 ""
2024-08-21T20:12:32.208Z 6: ✅ window.created win2 "Discord"
2024-08-21T20:12:36.892Z 7: ✅ webContents.did-finish-load web2
2024-08-21T20:12:36.991Z 8: window.close win1
2024-08-21T20:12:37.115Z 9: webContents.destroyed web1
2024-08-21T20:12:37.125Z 10: window.closed win1
2024-08-21T20:13:10.077Z 11: before-quit
2024-08-21T20:13:10.088Z 12: window.close win2
2024-08-21T20:13:10.126Z 13: webContents.destroyed web2
2024-08-21T22:22:51.269Z 0: 

----------------------------------------------
2024-08-21T22:22:51.291Z 1: Discord starting: {"releaseChannel":"stable","version":"0.0.58"}, modulepath: /home/judah/.config/discord/0.0.58/modules
2024-08-21T22:22:51.311Z 2: ✅ webContents.created web1 ""
2024-08-21T22:22:51.316Z 3: ✅ window.created win1 "discord"
2024-08-21T22:22:51.575Z 4: ✅ webContents.did-finish-load web1
2024-08-21T22:22:52.017Z 5: ✅ webContents.created web2 ""
2024-08-21T22:22:52.032Z 6: ✅ window.created win2 "Discord"
2024-08-21T22:22:56.910Z 7: ✅ webContents.did-finish-load web2
2024-08-21T22:22:57.011Z 8: window.close win1
2024-08-21T22:22:57.130Z 9: webContents.destroyed web1
2024-08-21T22:22:57.136Z 10: window.closed win1
2024-08-21T22:24:41.879Z 11: before-quit
2024-08-21T22:24:41.890Z 12: window.close win2
2024-08-21T22:24:41.904Z 13: webContents.destroyed web2
2024-08-22T00:32:47.531Z 0: 

----------------------------------------------
2024-08-22T00:32:47.563Z 1: Discord starting: {"releaseChannel":"stable","version":"0.0.58"}, modulepath: /home/judah/.config/discord/0.0.58/modules
2024-08-22T00:32:47.570Z 2: ✅ webContents.created web1 "index.html"
2024-08-22T00:32:47.573Z 3: ✅ window.created win1 "discord"
2024-08-22T00:32:47.778Z 4: ✅ webContents.did-finish-load web1
2024-08-22T00:32:48.234Z 5: ✅ webContents.created web2 ""
2024-08-22T00:32:48.249Z 6: ✅ window.created win2 "Discord"
2024-08-22T00:32:53.880Z 7: ✅ webContents.did-finish-load web2
2024-08-22T00:32:53.971Z 8: window.close win1
2024-08-22T00:32:54.087Z 9: webContents.destroyed web1
2024-08-22T00:32:54.102Z 10: window.closed win1
2024-08-22T19:11:01.266Z 0: 

----------------------------------------------
2024-08-22T19:11:01.301Z 1: Discord starting: {"releaseChannel":"stable","version":"0.0.58"}, modulepath: /home/judah/.config/discord/0.0.58/modules
2024-08-22T19:11:01.338Z 2: ✅ webContents.created web1 ""
2024-08-22T19:11:01.344Z 3: ✅ window.created win1 "discord"
2024-08-22T19:11:01.721Z 4: ✅ webContents.did-finish-load web1
2024-08-22T19:11:02.511Z 5: ✅ webContents.created web2 ""
2024-08-22T19:11:02.571Z 6: ✅ window.created win2 "Discord"
2024-08-22T19:11:07.538Z 7: ✅ webContents.did-finish-load web2
2024-08-22T19:11:07.638Z 8: window.close win1
2024-08-22T19:11:07.763Z 9: webContents.destroyed web1
2024-08-22T19:11:07.775Z 10: window.closed win1
2024-08-22T23:15:35.142Z 0: 

----------------------------------------------
2024-08-22T23:15:35.162Z 1: Discord starting: {"releaseChannel":"stable","version":"0.0.58"}, modulepath: /home/judah/.config/discord/0.0.58/modules
2024-08-22T23:15:35.183Z 2: ✅ webContents.created web1 ""
2024-08-22T23:15:35.188Z 3: ✅ window.created win1 "discord"
2024-08-22T23:15:35.483Z 4: ✅ webContents.did-finish-load web1
2024-08-22T23:15:36.015Z 5: ✅ webContents.created web2 ""
2024-08-22T23:15:36.037Z 6: ✅ window.created win2 "Discord"
2024-08-22T23:15:39.431Z 7: ✅ webContents.did-finish-load web2
2024-08-22T23:15:39.538Z 8: window.close win1
2024-08-22T23:15:39.589Z 9: webContents.destroyed web1
2024-08-22T23:15:39.605Z 10: window.closed win1
2024-08-23T01:09:33.714Z 11: window.close win2
2024-08-23T01:40:55.376Z 12: window.close win2
2024-08-23T02:30:56.198Z 0: 

----------------------------------------------
2024-08-23T02:30:56.255Z 1: Discord starting: {"releaseChannel":"stable","version":"0.0.58"}, modulepath: /home/judah/.config/discord/0.0.58/modules
2024-08-23T04:46:55.854Z 13: before-quit
2024-08-23T04:46:55.865Z 14: window.close win2
2024-08-23T04:46:55.886Z 15: webContents.destroyed web2
2024-08-23T14:11:33.044Z 0: 

----------------------------------------------
2024-08-23T14:11:33.063Z 1: Discord starting: {"releaseChannel":"stable","version":"0.0.58"}, modulepath: /home/judah/.config/discord/0.0.58/modules
2024-08-23T14:11:33.086Z 2: ✅ webContents.created web1 "index.html"
2024-08-23T14:11:33.090Z 3: ✅ window.created win1 "discord"
2024-08-23T14:11:33.326Z 4: ✅ webContents.did-finish-load web1
2024-08-23T14:11:33.737Z 5: ✅ webContents.created web2 ""
2024-08-23T14:11:33.755Z 6: ✅ window.created win2 "Discord"
2024-08-23T14:11:36.683Z 7: ✅ webContents.did-finish-load web2
2024-08-23T14:11:36.780Z 8: window.close win1
2024-08-23T14:11:36.836Z 9: webContents.destroyed web1
2024-08-23T14:11:36.852Z 10: window.closed win1
2024-08-23T14:26:51.881Z 11: window.close win2
2024-08-23T15:04:31.179Z 0: 

----------------------------------------------
2024-08-23T15:04:31.211Z 1: Discord starting: {"releaseChannel":"stable","version":"0.0.58"}, modulepath: /home/judah/.config/discord/0.0.58/modules
2024-08-23T15:04:31.250Z 2: ✅ webContents.created web1 ""
2024-08-23T15:04:31.255Z 3: ✅ window.created win1 "discord"
2024-08-23T15:04:31.678Z 4: ✅ webContents.did-finish-load web1
2024-08-23T15:04:32.397Z 5: ✅ webContents.created web2 ""
2024-08-23T15:04:32.424Z 6: ✅ window.created win2 "Discord"
2024-08-23T15:04:37.966Z 7: ✅ webContents.did-finish-load web2
2024-08-23T15:04:38.065Z 8: window.close win1
2024-08-23T15:04:38.243Z 9: webContents.destroyed web1
2024-08-23T15:04:38.255Z 10: window.closed win1
2024-08-23T15:19:32.851Z 11: window.close win2
